5 213 33 14 91 34
4 85 65 195 183
3 242 159 200
1 148
2 271 133
4 290 281 78 77
4 259 71 137 182
2 209 186
3 12 233 229
2 48 87
4 156 142 108 93
4 50 277 157 109
4 141 107 69 30
2 63 36
2 265 235
2 60 175
3 293 223 46
3 54 227 291
2 75 20
2 204 248
3 256 250 211
3 244 241 17
3 68 2 64
4 160 124 84 56
3 59 224 22
1 206
3 112 123 24
2 207 179
3 180 70 171
4 170 236 163 7
2 282 110
1 5
3 288 116 125
3 25 178 40
3 296 138 3
3 276 275 115
4 10 105 23 278
2 80 74
2 185 240
2 228 193
3 181 15 88
3 260 132 134
3 152 162 32
3 83 298 165
3 285 273 61
3 135 6 53
4 196 81 120 169
3 144 129 51
4 0 245 283 8
3 94 57 225
3 114 136 192
3 208 47 31
2 106 230
4 154 92 210 86
3 95 198 128
2 174 220
3 243 143 97
2 89 52
4 111 19 221 274
4 155 262 29 267
3 121 146 118
2 131 153
2 212 253
1 44
8 101 226 292 145 188 279 246 299
3 214 102 268
3 119 82 117
2 295 270
3 127 237 187
4 284 177 149 90
3 201 113 234
3 150 41 130
4 216 73 164 26
3 49 167 38
4 96 190 239 254
2 42 297
5 272 39 37 176 100
4 151 215 264 99
2 98 147
1 189
4 11 203 158 222
3 1 79 66
3 43 184 263
3 103 251 231
4 219 202 55 166
3 249 62 58
2 258 173
3 266 139 280
4 13 21 18 255
3 257 168 122
3 126 35 4
2 289 247
3 161 197 76
3 140 252 232
4 205 28 9 286
3 269 45 199
5 16 294 217 72 172
4 67 218 194 191
3 104 287 261
2 27 238
