29 7468 8571 3774 6607 4698 488 5151 4876 3273 2926 3419 6942 2374 4858 5804 2306 5101 1955 1232 4567 7592 2547 5656 4260 3035 5800 2960 8146 7199
25 6515 1421 6995 4078 1925 3374 7763 1350 6172 2830 5596 363 7897 6538 7991 3944 1168 1848 5393 5305 6719 6997 1120 8462 2892
27 2591 1433 6509 712 831 8170 8624 2133 8475 4757 4926 4388 2335 8316 1493 4139 8734 9794 3666 2231 683 1291 5131 4847 7022 6271 2635
27 9913 2074 7535 4261 9899 6792 191 5054 1397 4490 4957 6164 1215 4115 9854 1809 9235 6034 1471 6092 7308 3083 4662 2044 5940 7471 480
29 8227 9436 5138 4991 400 3512 6212 5889 6759 8247 7906 4540 355 2254 9502 6174 9911 5645 2024 4738 4943 6970 4894 8854 8744 7449 6703 9075 1507
26 8605 5437 1021 7924 5471 8081 6617 6178 495 3766 8349 1964 2535 4354 3237 1460 4797 6711 6295 2138 2160 501 7254 3212 621 1903
12 7227 1682 7757 4258 1231 7732 4093 2905 8714 1884 7537 9969
33 4810 3828 6416 9714 8410 9175 9062 7121 9205 9031 8954 8659 7758 9906 8172 6337 3711 7419 1379 3094 3463 7640 6706 3575 6853 8321 9393 478 3556 3956 1567 4186 403
18 4796 7346 2615 2454 7399 1041 5159 5132 2316 8548 1887 5170 3793 7791 4190 5528 8392 5128
23 7809 584 8204 7784 2134 5237 5048 6875 3448 4099 9915 1742 6902 2743 2219 3048 7359 5564 234 6524 8833 4522 2874
25 7948 767 7988 6104 2004 3868 4942 5257 752 6054 289 4117 2712 1212 4527 9564 5041 2807 9719 2039 3402 214 8386 7159 6893
24 4352 4337 7720 4345 7518 259 3259 9457 1962 8580 1934 3375 421 3236 4111 5791 703 2971 1968 2816 6919 5187 3616 9889
23 2418 3246 2269 47 9398 5960 9143 1371 8053 7162 484 1671 2059 4726 6326 1966 1728 1373 3366 7312 1828 8597 9774
24 5444 8473 7200 4286 2774 2483 4176 3927 9054 780 4395 5771 2101 300 865 3106 8401 8708 9811 8669 7812 9938 8712 8560
17 7206 5533 9231 6946 870 7954 1715 6984 8466 7029 7214 3596 6187 6494 8775 479 221
21 7088 1721 3676 1781 8978 3427 8126 9939 7999 5501 5704 5885 4091 8908 9612 7303 922 4222 6585 615 997
29 3202 923 1286 8620 7450 7194 6676 412 6859 8652 4298 4754 1913 4632 6478 6553 9654 462 2558 8069 9725 1892 3604 5697 4951 8696 5040 5592 3244
29 5371 437 3516 884 5621 7102 6264 1931 6976 7136 1390 9984 5107 4149 9828 1236 823 9155 715 7024 6772 7894 1550 2339 968 3332 4896 5112 7323
23 2736 9519 6735 6884 2840 7101 6561 2381 5049 7011 8393 2781 2713 8177 1141 8791 9859 6189 3150 1673 4376 44 4277
21 9864 2406 1323 4635 2123 8302 6070 1448 4974 5710 9851 5055 3177 6149 2605 5647 9370 7144 1952 3623 1254
23 2573 4629 9463 1035 5465 4934 7736 6169 7318 7064 5264 8026 1571 3891 3601 1150 3258 3648 343 4307 177 1066 6328
27 4417 4727 9478 4840 1944 3173 3748 1625 5202 4675 4184 9163 8221 3350 2756 7258 2366 9703 7922 7860 2700 1201 5567 406 1247 4534 2563
29 9927 9258 8830 4939 332 2509 8840 996 8774 9151 6313 2069 3455 4875 1657 5447 2689 8813 84 1997 7717 941 2085 1607 7098 4130 7463 3241 6629
16 6150 6430 4808 4340 804 448 4256 4647 699 9841 266 5875 9917 9165 2403 4094
18 4887 9910 5326 7259 4901 7799 2156 2539 6069 3717 2195 3529 4571 5768 1841 1210 3873 6196
23 9530 6520 7056 2923 578 8843 7923 9324 7864 4202 4 4262 1793 7887 783 3769 5182 6008 7272 3373 841 4399 3053
27 5982 5950 5222 539 921 2376 7989 1613 556 4680 5928 7530 15 9631 5445 9365 7415 6882 1782 6270 1856 9106 2072 6450 9132 1450 9931
22 7432 1439 2132 5763 8838 5737 101 42 4516 9206 8037 2467 6049 6000 1611 6656 5408 9087 171 6111 1391 6345
24 8890 9403 7536 5847 2742 9741 481 3407 3825 7297 6831 502 2082 3922 920 204 4591 2584 4445 1784 2570 4558 2705 2909
24 7109 5561 4379 7210 9042 3679 965 7533 3856 8017 340 3084 4167 8703 8135 8676 2201 8558 4197 7269 3423 6162 6341 4323
21 1855 2896 5171 2893 7520 9567 1788 7100 7941 5953 9127 6731 2843 2200 5023 2397 4007 2062 2058 5672 2228
21 4005 3722 48 6795 470 2627 471 2534 8551 8868 9325 3279 5133 1511 4156 824 5746 4935 7822 5716 8850
29 9459 9914 6076 3633 8107 73 8837 9960 979 7494 9422 3595 7743 3307 3405 6278 5288 8552 6809 9340 3937 92 7055 5600 1134 4460 2603 5309 3894
28 9186 6207 581 1132 8564 2000 2852 9057 8083 9002 3525 6304 2564 9015 1783 1865 4690 4549 2785 4257 5902 4798 7517 5879 3815 7604 8425 4160
29 7110 1821 605 3330 7363 5373 7706 6481 3681 951 2311 2230 8643 5943 2918 6525 1477 7492 1717 7664 5261 8494 8419 530 6361 2045 3069 158 1278
22 2669 457 2172 4228 7019 3158 146 7472 7719 9885 1169 2422 5789 8636 7443 1401 9724 9305 9928 2238 5413 8136
24 8563 4052 8038 3566 7143 774 4924 5485 2052 3184 5192 8205 4610 8018 6815 834 8818 7539 449 2286 1483 9730 6457 8530
35 4301 2502 852 2759 6680 6062 8009 1537 994 6537 1138 5756 1307 9358 1993 5668 3846 9738 3544 36 4755 9145 7806 7619 1104 3024 5728 3477 2429 4631 3087 3047 7715 7405 2210
25 3560 3430 6387 1854 210 8739 5166 4551 1786 8586 8489 8154 2839 9872 6684 1873 9499 1163 6900 4909 4873 8067 6982 60 6828
22 5296 3257 1808 579 6550 8387 1930 8258 6696 3029 3266 5499 517 3901 8282 1223 731 3636 7118 4919 5060 8531
23 1880 2448 3809 5000 582 836 7080 9935 6626 4116 6621 2257 7642 1302 7570 436 7683 3860 4960 7685 7838 4515 7981
23 6463 6200 589 7410 9542 3980 5913 9645 3485 7871 3881 9516 9592 4394 5775 4831 9269 5388 4778 4085 827 4050 391
22 7716 5954 7146 5080 535 3441 8701 6108 6559 5286 7853 8133 4267 2873 6803 1792 9539 6968 8128 2158 6307 2396
29 5281 3580 1642 3055 2589 9322 6901 4355 8355 4423 6142 4269 5959 9752 969 6897 7484 1885 1374 8681 6642 8045 9704 1999 8243 4882 452 9207 1123
35 6517 2977 6560 493 8936 8441 435 9901 7903 4715 6250 3426 2917 6989 2517 4845 96 2460 1480 5894 387 9077 4086 2494 5458 3554 3732 682 8159 151 6052 2185 6163 4670 6115
21 7990 5556 3611 2461 2715 4722 6787 929 8477 3171 9671 3743 7462 877 8972 3921 5318 3127 4922 7475 9217
17 2660 2480 9456 7904 2473 3526 1013 1281 7590 1815 9355 4291 4737 8044 9208 5814 2390
16 6547 2125 8666 8374 7448 7793 1622 6176 3971 6258 3240 83 3483 5911 3716 1032
26 2176 1546 2237 7050 8064 2637 8576 1702 5603 3102 8226 3966 411 760 3493 7271 1863 5225 9202 8256 5275 6652 552 3182 6742 3415
28 6403 7483 5137 2495 9997 5347 6078 1049 7274 1304 9255 8964 4592 9965 8801 9491 5890 6697 5228 7264 6016 1248 8022 1494 4474 8096 7564 3622
23 1817 549 4043 6563 8249 6355 717 9119 2724 6654 4455 6255 6086 283 5770 4290 8396 1227 4707 5415 2661 2307 848
33 1206 494 4572 4069 80 5431 1365 3651 6013 9587 5937 1843 1770 2518 7823 2737 1089 1139 3440 6558 5857 720 8562 7357 7040 2914 8089 9141 9378 3706 4203 4021 4699
35 9287 8982 7936 4373 5164 4051 5103 6056 3023 1060 5648 5106 8806 1787 2060 6183 2648 4053 6569 794 5865 4743 1171 8592 3437 9521 6937 4869 8360 7302 6500 8826 9776 9951 3908
27 666 5134 9609 1077 1894 198 2629 580 6279 7722 7230 9052 8556 3970 6964 9177 9329 3233 8593 2955 9633 3130 8957 7920 5951 8228 2799
22 9121 9021 2056 8565 4510 2100 4481 9068 2111 199 2264 8724 6404 3839 7502 7261 4237 2919 7411 2276 2950 2352
22 8793 313 1209 2071 9580 1086 8233 3802 5314 6464 5616 6107 5466 5692 2222 2414 6986 7526 5191 2711 2318 523
24 8670 2709 3116 7934 2433 3468 5684 6037 6752 8279 2652 5671 1004 6048 2417 5172 5659 3406 1107 8901 9430 2878 4414 791
24 873 8077 5762 8304 6634 7224 1795 79 9575 8716 889 2890 3072 6263 7654 2151 3157 3131 1929 6011 5939 3444 4233 4787
35 4027 8028 6597 3371 2902 6214 7467 9869 3867 2792 6627 4976 944 3114 6812 8476 5967 2752 5767 5083 4234 732 1147 1907 6036 3757 3269 6422 5335 8066 56 7105 1972 4867 3093
22 4948 7561 5479 4952 1042 4148 1364 3965 1975 7690 2823 1461 5446 6175 7692 1054 8527 123 5784 6486 7412 7301
28 1135 8661 8581 9943 6409 3680 2451 8426 7028 5496 3204 392 5339 861 111 4620 9800 4153 7398 8898 611 6827 4860 162 857 8916 9950 9786
24 7482 7844 6618 4820 6019 8745 6141 2500 9089 3985 346 5878 1629 9773 7737 2437 1337 3107 2974 1870 1469 8567 1598 4855
21 5991 5782 548 3169 4625 6596 1914 254 9487 5104 950 6985 1292 1587 4369 1065 6216 606 7089 6796 4865
20 1842 2075 4751 2922 3143 6432 4017 3264 8417 2373 9108 5699 5032 1624 3247 374 1057 8574 623 6097
35 7433 1529 1789 7176 5294 9100 7859 7585 4128 7754 4532 7968 4367 2512 5203 1020 976 3915 1683 9187 6993 9734 8894 661 460 9285 4980 1614 9971 8883 3420 4179 3772 6334 4866
17 9349 4559 8342 4862 8529 1359 9410 7042 5109 1249 2967 2243 2696 3038 8654 5726 7422
22 2384 807 3957 2680 3959 898 5516 9123 2986 4623 785 5899 8220 7043 2389 2741 6646 132 3672 6532 9388 3814
12 7383 6158 6473 3476 8323 7881 241 7167 4723 8443 891 759
22 5071 9750 1685 5812 4832 1899 5976 1569 1754 8314 2477 2779 3007 3417 5964 8423 1110 6975 5026 2621 8131 2395
23 1803 4580 3337 446 7316 2548 8440 2329 5787 6727 9606 5460 5718 5262 2303 6109 6288 4660 7030 7208 6712 4039 6395
17 7325 251 6540 6349 2115 3074 8790 1457 4710 8671 3231 6846 7123 5863 2617 4056 228
16 9109 7195 8923 4586 9675 3176 2716 7591 812 2358 3062 810 1340 6219 3105 7424
23 6527 641 9563 1554 6032 6572 1283 4272 3599 6023 7310 6451 2597 8919 69 280 3045 1608 1200 8634 8960 701 671
22 311 2463 1481 4854 4672 9507 1773 4998 8160 3998 8181 2692 814 1648 3645 7140 5216 2458 2109 8371 4064 3287
17 4471 4925 3829 9464 6154 2572 6851 1664 9298 2899 7417 278 319 9390 3399 9766 6992
16 1695 454 78 7174 8248 5893 1853 8142 1167 3934 1890 4083 577 862 6799 8559
35 5903 2343 5802 9474 7630 8822 3844 6511 5810 2722 9129 8354 4280 1380 7625 4192 803 7366 9093 2295 7851 2545 4151 7234 7849 1698 5227 6254 7465 6079 4889 2400 9825 6861 2817
22 7972 2510 3848 5758 1260 9124 7047 8927 2666 7201 9957 5439 3763 5360 5799 958 5722 4410 4643 1441 7131 7750
22 8967 4405 2337 21 7250 9919 5549 5625 4656 3142 1756 6698 1597 1277 1549 2831 2701 6047 6888 9981 121 7805
16 7854 1582 9659 9639 3949 2624 7880 3644 885 7856 6835 2450 8697 1255 3509 8920
22 3647 4317 9648 4080 9211 4404 6526 7320 2249 727 9779 5100 9892 981 5397 570 2175 3495 9027 6159 1950 1886
43 1023 2308 5147 5883 9608 8702 6301 5161 4846 7031 7252 1515 2762 511 3790 8864 3704 7584 5420 7828 2220 5700 6980 1488 3301 9557 2732 9271 6785 4312 6485 2080 8677 6289 9173 5246 5308 8049 9496 7339 660 3871 3912
23 5480 408 8762 3056 2018 1456 8618 904 8715 4302 4477 2266 6726 5453 9228 3108 1503 172 971 8589 3153 9604 6556
16 2717 7511 2285 7747 1816 6117 2867 4183 9500 395 882 3073 3192 1718 3668 7480
28 1000 8245 7635 3138 8902 6287 2037 1156 3063 3245 1690 9987 9194 1693 5872 5571 347 7245 77 954 1916 1445 9185 4391 5274 5368 6050 8036
12 2412 6850 2338 2783 9556 7629 2054 5129 7395 4702 3262 1527
26 5091 693 5604 7020 2561 9513 8909 2302 7927 1779 7651 5995 8155 899 7246 8673 3874 8252 7783 3967 8831 2106 5543 5076 6592 1767
29 388 3530 1088 2677 4012 3570 6503 2154 3730 5024 3154 3764 4529 3586 9838 5207 7958 2360 5297 3218 3100 4517 5434 4555 5119 7505 8062 8533 6996
35 1339 2177 3778 3685 6256 6966 2749 4431 9380 4141 9977 6898 990 5167 6577 1238 1888 5542 9549 3745 2959 9128 6870 796 2047 6210 9680 8103 6781 2141 897 3239 9248 591 1497
17 3824 3325 6066 6420 6820 8987 1869 4165 3989 9830 50 3355 3880 2218 960 4816 4795
28 7581 636 624 5211 2470 497 5977 515 4365 1028 4556 4193 7388 8498 2464 7262 2372 9407 2511 1467 2786 3946 2497 658 9808 7495 2938 6493
22 9049 5140 6124 2474 2690 2995 8785 424 5831 5375 8583 4090 8856 344 483 1172 6423 5367 4282 459 1275 357
21 3539 3733 9649 7555 4154 5785 34 3408 327 6203 569 2780 7649 4429 1191 4918 3484 260 4318 5271 6748
34 8711 474 6399 1428 8448 3363 9147 8339 7496 5156 9847 5686 217 1636 5035 352 8611 9863 5341 9094 3667 2949 1175 5555 8853 801 9837 5127 583 1039 2322 1632 8196 9096
17 6544 7703 9257 8095 5615 8753 9819 3194 4975 308 1665 7391 9134 149 6138 9171 5565
16 6397 5570 1654 744 7070 220 2435 2217 2947 1616 6080 2975 2408 2030 7313 6508
43 476 9740 9920 9138 7367 8061 9588 4274 9599 7420 1092 9029 607 10 5823 9834 9061 5005 7626 3723 3955 4786 1189 8287 4263 9941 1075 2952 2921 9411 7341 9169 1084 7166 7554 540 4804 5538 4566 4546 2846 2884 7594
24 4736 3508 9810 6004 3548 6059 6243 5405 7669 3953 2714 3043 5291 3451 7695 6981 7694 8211 1070 5892 3217 554 771 7384
28 7632 39 1016 1970 35 9402 5221 5118 3835 3735 7931 1688 912 8040 2242 1447 3653 7307 1498 1857 7360 7896 2143 7974 5476 7914 2113 4377
16 9579 8278 9160 686 4835 916 5733 9681 333 8420 7586 6240 2387 9254 4749 2576
22 7013 1776 129 2642 938 1486 7488 6134 167 6201 2870 1639 8817 2859 6838 24 6443 5315 4396 7611 1038 6179
28 5969 7519 9245 9153 6291 4004 1253 5941 7460 4914 2886 4649 7427 9210 9356 3385 7175 4508 1862 716 650 8209 3511 7493 4206 8002 5449 3933
12 978 680 8010 1923 9553 9214 9174 417 3486 58 2183 4264
12 894 7782 1464 9583 5754 8705 5839 2727 602 7964 6920 4296
26 3321 5254 7097 5764 9756 2407 8971 4335 2529 4326 3303 5598 9400 8114 9209 7998 7514 8 6110 8732 2598 1053 8979 9150 7238 1101
35 7347 2678 3552 6114 2735 4844 6917 2110 153 9112 6578 8122 5126 1369 9239 1378 3255 3228 8616 473 8404 4265 4096 3747 5617 9404 4721 4171 9348 2687 9035 5424 2704 6609 1207
28 2528 1586 8341 7671 324 6229 2694 4207 9624 2869 1383 7187 4664 3068 7149 2291 8668 430 9650 6429 6691 4400 3026 2341 9020 159 1465 3862
27 3705 8975 8999 5908 7557 8158 8365 8821 1446 5745 1954 4928 6421 2544 1443 3351 9276 383 9975 4711 1910 1458 5936 1577 3673 3331 663
17 306 9732 5540 9081 1005 4362 4311 402 4945 6565 7385 6140 4491 3545 3872 3854 2391
21 7015 4900 5980 377 7633 7558 3796 8229 4341 9879 7096 3085 3684 9342 7435 599 9309 6570 4457 5351 8544
12 6686 7815 3323 9652 6131 3099 2979 3075 9934 7141 8692 5942
21 4214 6614 6239 1094 4984 4088 8937 1396 7027 8699 7044 4616 6807 3283 5057 4459 4383 6236 7548 2446 292
35 2718 2541 9636 8254 3134 4678 9058 8469 601 7513 6435 5090 5579 1961 7801 5640 8991 1174 98 4652 5609 3962 7912 1332 7984 4485 4059 3148 9694 2505 8079 3418 3713 1491 4783
25 4329 486 7929 7497 4758 647 6512 3327 7461 3041 8875 982 7160 8771 6411 7072 7163 9923 6667 49 6747 9446 9391 9114 6842
24 2887 2812 1561 4687 3472 9798 8653 3079 7945 5409 6267 9302 1852 5038 2029 3149 4594 451 4036 2388 1234 4642 618 1372
25 7379 5168 8357 7267 4174 4603 947 8451 4284 7951 8193 8756 6649 9219 3096 9277 9469 9361 5888 7073 9603 6374 7620 9414 5566
43 2053 9372 7270 2760 4823 1180 2966 7157 4973 6249 2612 654 8757 4387 5551 3044 6949 3289 9221 2801 2229 7225 2989 1335 6177 7759 2456 1224 5521 906 3577 4765 7204 1826 5867 9626 4102 3010 8075 3875 7567 840 4740
27 499 3135 4281 1703 3952 2729 298 428 8272 9508 7066 3384 3422 1211 5584 7985 11 792 2441 6027 3589 6730 9767 711 5613 2043 8499
22 3654 3635 230 5223 8447 5174 4932 3034 9630 4767 5364 6357 8257 4125 4359 3695 6786 2394 331 4903 4346 4248
21 2112 4320 5334 4054 5430 4198 2042 2686 7304 1095 9477 2925 6746 6593 8910 6519 1643 1620 3885 5037 4316
29 8088 7458 2147 5348 2092 9270 4173 5383 6065 6922 1594 2883 9912 9716 3101 1412 5230 9782 2423 2973 1675 653 5984 3876 7197 2906 5488 646 4031
28 7522 6072 8819 6381 1878 8224 9607 9117 242 4108 4747 8020 1672 8241 3918 1825 9729 414 9280 3993 30 7568 6057 9546 142 1419 1796 9005
28 6321 854 8031 301 7193 9787 8411 7813 5001 4060 9524 7847 3899 800 5931 238 1314 7322 1407 5779 2438 4372 9406 5558 2193 5456 5490 4684
24 1194 8845 8828 8344 5517 706 669 9037 3281 629 3549 6378 3165 6237 3380 5150 9008 5085 6568 9816 4276 1719 7531 9646
24 6753 9702 4824 2251 8888 3304 267 5624 1942 9958 1093 846 1218 7624 7276 316 9823 6784 7861 2616 597 7177 3923 9472
25 5332 7957 5197 7579 4877 3503 1766 2653 8663 9278 6557 6921 5805 4199 1609 5781 3678 6843 5073 6308 9316 9188 358 9144 3286
21 1159 5693 7189 7878 216 8585 2287 8728 2888 8694 2685 7079 7987 8754 1405 7832 4732 9781 4038 9992 8707
20 3702 5384 4730 4381 5520 6020 1153 987 8051 8409 4746 8465 8486 1164 3267 8911 8216 1116 1750 9698
35 4941 1785 1736 6197 5152 2283 734 7884 1813 2198 6681 1995 361 1737 1112 9728 7794 2348 6336 598 6211 5435 8429 3859 9424 7006 3151 9033 5111 3602 7091 4731 7216 3335 5027
26 1146 379 5169 6170 856 6813 7165 1689 1296 8329 3947 8590 9347 7916 1301 6589 3798 8100 6708 4562 1170 8717 3370 9149 3203 8012
23 5983 3145 9541 3439 2070 1026 8150 6932 5654 1957 1726 1388 7338 5601 7605 9695 2990 983 5418 5028 953 5323 2658
26 5919 8520 1346 5322 1866 1435 8016 1176 6869 542 9395 7523 4375 9182 3505 5651 2943 8157 6407 3882 3801 9722 8210 359 4552 6998
22 8824 1706 1216 2499 141 1875 6819 4049 6118 648 6369 3414 9139 8970 5856 6156 5848 1829 966 3306 9203 6071
35 9693 6293 3504 1893 1699 1144 1204 7115 2609 1939 844 7134 9814 8573 4658 8478 2207 9034 5002 2312 8497 8680 114 7562 2571 5605 110 3920 526 9955 4805 7045 2281 9014 7616
26 492 1959 967 6678 7296 6046 6248 7154 5092 40 7979 8460 9772 9263 7429 3836 1739 7293 8280 8480 6033 6574 8733 253 6299 9888
24 9048 9748 8892 5738 1142 1867 9105 9964 487 8849 8380 2647 2079 294 8454 8149 7500 2531 9577 6171 2313 4227 9196 5259
18 8773 5975 8458 26 322 4720 1508 6003 9070 7333 1800 4638 8799 7571 5337 7370 6425 757
22 9346 1356 7037 2162 4548 3118 8761 3487 1166 4961 3785 6388 932 1917 676 9110 8305 1366 2274 1547 19 8109
12 8071 2619 7094 9827 8370 1414 290 7587 9482 4360 8686 7217
26 8599 9256 8718 7816 5457 188 7065 2982 3471 5753 2447 7004 422 4463 1804 2972 4226 3238 3725 8234 22 1449 2853 4676 5256 8479
26 3358 5498 6484 7150 5664 902 5747 336 5703 7665 6903 5926 4251 2345 5333 755 5611 386 4790 3156 59 637 1902 4253 6909 9717
17 3638 1416 9644 3181 3968 4671 7882 1137 3641 9003 5788 9597 9846 5534 6623 7712 3115
29 5226 4744 5639 3320 3277 7546 3752 6962 6874 2940 9103 6683 2236 9669 4389 8027 2282 5631 572 9584 4864 1733 5189 2459 6507 4597 9551 9224 769
12 6904 8940 3360 418 9046 8915 6791 8132 4046 7243 2095 7598
29 8306 3729 4438 948 5934 5660 9216 6594 2444 4427 2258 1149 8235 8424 3365 8952 6760 4982 1482 175 6732 547 8183 5356 9876 1974 8232 8630 7738
35 3147 8929 6692 5064 4753 7036 6371 5340 3533 8808 2908 8007 8943 5971 6977 4368 5045 6728 277 4756 724 1540 3349 9651 248 3443 3777 6122 9809 4195 8961 9164 3576 6934 3916
35 1399 6441 1422 6015 7707 3805 6155 8104 1096 1298 1071 5761 1591 5970 1760 8057 5352 7190 9227 6595 4098 5663 8861 4201 5514 6950 5588 4613 3514 1881 8093 7188 5175 9115 9857
12 4836 7342 5505 3066 3506 9384 7298 6454 7765 1438 5901 4634
26 1192 229 5377 3297 1659 6220 5638 4915 348 7686 4884 2663 2794 6969 6315 3978 9279 9875 8383 7278 1122 8060 7026 6290 5822 1136
28 8788 2825 3278 6274 7610 1273 750 8536 7503 16 9236 2244 2503 5935 6021 7797 1294 3412 627 1932 274 4764 6067 128 131 5923 3626 8118
28 2758 1751 7997 524 6769 7986 2936 8082 6530 1655 3528 5993 9930 3996 2165 4324 5507 5199 3929 7550 655 3930 6804 7348 7950 5921 6971 6833
25 8200 7778 1046 4569 6465 8097 207 1490 7479 2289 2948 434 2331 9777 6510 863 2301 638 4688 8635 1305 372 5289 5249 7063
29 6190 3367 1513 9836 9184 7521 4220 1126 5661 1604 397 8842 9711 3535 2798 5036 9962 3587 8186 4583 8315 4287 213 4110 4861 1528 4129 6001 4408
35 3861 4068 1285 3292 8471 8509 8619 2196 8610 9534 5628 1384 164 8147 3113 9098 4019 5012 1198 4822 7645 5576 6758 1963 7982 4437 735 9667 7542 809 2789 118 740 20 8428
28 5441 3312 2298 1709 8820 2790 3718 1362 7057 9040 5019 8507 4363 4397 8601 8858 1729 7345 8106 8198 3542 1580 3057 6651 5276 9902 6504 5399
22 768 8348 6644 6009 1347 4705 1415 9159 2769 808 9198 4464 1375 4384 8887 7103 7067 5803 7702 6007 3460 4155
22 7575 4636 155 7408 2765 911 1921 7607 6318 9268 7058 7240 2118 7751 1331 6549 7721 7814 496 2169 2224 956
24 1027 8935 9084 6582 7277 4468 2203 9389 9374 6925 5362 2683 90 2135 7525 9614 9565 9297 9318 2420 4225 7092 8171 2065
17 820 5021 3594 7352 7334 2744 8755 4628 4430 5755 2985 7870 9566 7752 8781 4617 1850
16 7314 5895 9903 2003 3613 4985 1746 4817 2953 5122 7670 1272 7172 7117 2028 4959
23 4557 8000 8373 3737 7248 5481 6309 354 127 5482 9131 9259 9485 2293 1329 1008 6767 5464 8645 2294 1470 3582 9953
26 1190 3388 71 8934 7836 1806 5844 5773 3300 1987 3607 3344 3942 8517 1440 2611 8973 4907 9122 5321 619 8629 4531 868 9944 4665
35 8596 3111 7528 9737 6562 1354 1280 2370 6342 7634 8418 7902 5370 829 574 8286 2197 2519 5135 2104 2261 9095 8884 8289 299 8735 8706 5162 4041 8794 3126 4545 1145 5927 6757
35 9489 3008 1978 6362 9295 8526 5306 1891 6303 748 4136 3356 1025 700 9688 2826 2064 5907 675 4851 4979 2720 8105 6643 8120 6924 4897 5310 8709 3866 9059 4018 491 1532 4837
23 7804 7891 4249 4123 3571 7457 1320 7553 9266 6188 4310 2552 2745 8513 7489 9886 5667 4780 7402 86 632 8267 245
17 1105 9744 5404 5250 315 6657 7288 8195 208 9412 8438 2404 1082 7569 2187 1509 1489
24 9954 1289 1918 1024 1697 5749 656 9452 9891 2078 9439 106 8787 4576 7730 1230 3276 423 6881 4719 8488 265 4902 5713
16 3693 940 6075 8284 13 2354 1805 409 8846 3532 5157 2012 236 3521 2250 689
29 6377 7655 4191 7930 8237 2124 6840 223 7344 6324 4159 1606 6927 6261 7734 2583 3200 5666 1928 4589 3858 3541 1454 1069 2188 2930 4598 8804 3851
28 2866 8632 5734 1007 1772 9135 9379 7731 2703 5099 1836 7386 1752 4306 4536 1100 7932 6666 6351 8660 5586 6776 8543 2665 7939 9265 9476 3724
28 1376 5141 3265 8230 6306 2247 2204 3213 5117 3590 7942 1775 875 4828 1745 5467 4194 9591 5723 2965 6205 2280 4784 4330 8518 8871 514 1971
29 1037 203 4177 9232 9497 7789 3591 5917 3612 5495 3119 120 6206 6386 126 6959 1097 2618 585 9136 2632 1455 41 9383 2205 3843 980 9261 6338
28 2939 5382 935 6830 1303 7337 6087 7062 6945 8384 8343 8161 7675 5483 9283 837 3605 1543 7170 9183 5372 8779 8034 2891 4297 6400 8375 8649
12 6018 6794 2516 4967 4158 555 1838 3490 1109 4883 9560 9222
25 9377 1186 952 2782 4074 849 8917 1811 3271 5707 9373 3818 5619 1496 9244 2910 5233 9916 4993 8368 6783 2641 1711 4789 1293
29 5325 3620 2983 3232 8986 6035 1394 1258 5258 3714 8332 1710 3847 5759 5454 5503 6231 5906 3574 8519 5989 3579 765 2650 472 9696 2829 1196 3336
35 8730 3086 6222 905 194 2173 8534 2697 8199 7265 5463 805 9010 9904 5116 595 4453 5336 7701 6414 200 4486 1827 1361 9066 4283 3639 534 9 9450 2268 4462 4878 9937 1312
22 6834 8792 2240 553 6633 3510 5572 9625 6625 1311 1315 506 4525 8376 8450 5263 7874 8617 4512 6655 2386 7232
17 4469 6129 9788 8525 5676 6113 3482 2946 8436 7796 2639 2356 4378 5841 2904 1840 7776
23 8546 8857 9682 2754 6424 8914 5379 7009 3186 9896 8137 6716 1967 9747 9749 3765 2336 6682 2604 2399 5673 6029 5548
43 4793 5679 4465 6477 4122 9199 5094 962 4150 291 2324 5690 973 5088 6312 9097 5386 3662 6354 7203 1264 8689 5144 67 2828 9709 2568 6444 1182 8613 4229 7612 6370 8470 8796 4187 2992 2 2149 6182 2784 739 6329
28 3291 9848 258 5260 5017 5840 2061 8512 1969 7693 1187 1466 8784 5680 5153 2097 5643 6659 4650 8675 5077 1161 1635 5843 3462 7474 851 6026
23 8727 9754 819 5376 6972 2911 6688 1868 8014 3310 5670 3902 1704 859 3198 9573 8997 170 1091 63 5061 1425 3316
22 3163 4763 4863 9924 3637 5582 3429 3168 6951 4426 5014 7714 3021 6940 8309 8612 3208 8539 7120 5283 4535 4806
22 773 5573 1936 9338 7962 4349 3853 2378 2184 8055 5837 6418 7209 8369 3697 6330 8176 3913 6091 5328 5009 3348
21 2486 9966 6247 4561 6936 6720 8662 7512 4683 9293 9357 6472 7054 5657 2708 7576 7596 3160 587 3520 7819
28 7678 8815 4950 1326 2546 9739 2431 4622 2796 3738 6805 8557 447 4554 9025 5539 1941 1324 5871 7353 1743 3450 2367 4955 6215 4382 2824 3842
16 4065 6480 6994 6005 1646 5400 2215 5546 4834 1217 224 7378 7421 6695 1798 3761
24 8303 8073 3624 4082 7504 6482 5268 1991 6722 6663 718 3049 659 7082 46 1410 99 9993 1621 9405 9234 6364 7873 3124
22 4520 1316 8881 2315 7229 7235 6899 5500 6953 6413 1287 4196 2393 9771 9240 2643 2140 9473 9063 7698 3110 8439
17 4646 3020 2549 5053 9363 694 8687 1444 3837 7184 7041 4923 2468 2328 3224 6492 5209
16 97 1615 4940 5338 6991 4089 4964 4189 3 5342 5574 1801 924 8415 7723 8984
29 1344 5985 9921 7599 8086 9030 4815 3431 1814 2763 187 1700 7983 5602 5208 7186 160 8435 3715 516 7777 1148 8452 4970 2601 6779 3585 5757 527
23 3225 1713 8490 9760 631 5563 3137 9619 6886 3640 1351 9335 2575 1256 1943 2628 4791 6332 4574 5204 6797 3141 109
28 9483 8722 4492 8481 3338 6325 6350 9978 9576 7697 1078 6849 9455 416 4962 9113 5015 107 4593 4178 644 782 2260 3352 8491 5874 3664 8524
28 6600 7650 2998 4439 5098 8672 5229 8391 9790 9460 1047 6368 679 3775 337 342 1050 9907 8541 8352 512 9312 7336 5715 3340 9884 9401 3299
17 8965 6319 6514 6053 6729 5184 5633 185 9820 8537 61 4641 7774 3009 1202 5641 5974
27 835 5909 9011 4624 6228 5010 3919 7956 4947 2148 6232 8266 1830 6954 8445 3501 4871 7001 2767 3140 5369 892 6890 5523 6916 6876 4729
35 3760 4709 5717 7711 6099 4144 1342 8947 7164 7960 2049 1181 2209 4020 461 5034 3988 6612 1183 1295 4745 9662 5691 246 1242 9532 4663 9416 8427 5411 1404 4008 6930 6166 3795
11 5295 4121 5730 5946 9314 4989 972 8313 8296 4357 4776
23 4411 4604 3178 4530 550 8805 1747 4850 3792 5018 6539 426 9976 6931 2725 6401 1434 6084 7335 4303 2924 4014 4890
17 7075 1562 3810 179 2121 5361 4697 7597 2847 7808 8485 8835 6305 8382 2023 8474 2252
28 3936 3850 6173 2009 8201 9586 8412 4092 4221 7560 1299 8500 5354 7840 8001 2275 338 2504 2522 12 6586 3948 8695 4106 821 3474 1834 2189
26 908 8606 6518 2876 6501 1408 3619 7762 7351 7710 8058 341 4279 2957 6860 974 7007 3162 1516 3129 1151 206 2590 3950 993 1288
28 4011 1676 6322 1228 5176 3603 8004 9364 9581 7996 8615 5115 2271 4606 5833 3550 907 6339 6715 2427 537 7748 6438 9942 3817 2766 5948 6552
24 9418 4811 209 2155 8006 351 8179 6832 1927 9801 3481 6006 4689 504 4145 420 2854 681 5046 7185 4814 8742 2179 6317
22 9824 2476 6 2136 2608 8413 5146 4842 7413 8238 4568 509 2455 4859 670 4607 5924 4211 9590 3691 6857 806
24 6521 1102 1367 2032 1818 7392 2439 2225 1908 7466 3449 3991 7644 1544 5235 4775 5387 2490 3938 4013 8269 6598 5353 3401
34 7025 8422 9090 568 1633 6974 3917 7673 6445 9718 3359 8729 7228 3248 4911 7863 4582 2440 5385 6941 6471 2232 5096 5196 4425 8416 4541 5242 3780 5510 9850 4969 6871 1353
29 7684 8119 4500 9471 3216 8464 5650 6323 1634 8078 3941 9700 7183 9433 8600 5300 4579 453 5777 3812 1965 5240 7834 913 8213 2625 6533 144 4440
17 180 6665 6327 3741 1199 3199 1535 8259 2139 4356 5884 1076 2595 5093 4105 3152 665
24 211 1113 2330 2405 4812 4608 7802 9945 2299 7309 8584 5748 108 3497 7372 5392 9242 8406 2309 1748 6103 7441 9016 4519
25 9723 1427 9385 4204 2819 2836 9996 4169 1541 3206 7875 3656 2525 4886 3892 2631 8098 4200 8457 2076 1184 2856 8169 2235 7689
28 1246 1533 7510 3090 1341 1551 9831 7226 6276 5031 8492 5630 9990 5583 7565 7374 1382 6024 466 9498 7361 2223 6718 8318 8912 2108 8484 7509
26 6039 1118 867 8948 8704 9894 5316 690 959 173 1221 6359 9674 7843 3513 9017 6260 6280 9701 1429 8983 8926 3997 8461 9655 9086
27 1040 1652 6564 815 3682 8459 6417 4157 3630 2025 2916 9367 9172 6094 4473 9315 4347 2409 3499 9666 2259 626 2640 9972 5798 9618 6905
27 2212 2265 6581 4475 285 651 8836 9751 5425 4344 1308 936 4741 1325 2501 3452 9622 1271 7470 7012 2562 9492 5213 8763 3378 4833 8261
28 4868 879 7127 5461 685 3442 9158 3180 1526 9454 4615 8405 3615 6218 6367 4268 2221 7761 7371 3727 6491 9023 6675 5853 5163 9213 9327 7447
28 1555 6801 9381 4235 2096 1705 7705 6782 9465 6555 5312 634 2755 4076 9640 2033 7156 3183 1245 8367 6816 6045 3961 7580 8138 5398 5569 8834
34 384 9686 5344 6340 9392 5580 2881 6042 6516 9501 5279 7425 6775 8827 8877 1010 5852 5545 3489 2145 8463 3960 5214 9793 2005 2734 3987 6352 939 8308 937 8713 5568 6689
21 3608 5365 360 378 5 9721 2788 6064 7328 7615 6588 5459 709 9617 7423 296 6375 2515 7593 8178 3683
28 7506 9897 2684 2706 5532 3496 2937 5493 6788 4087 1990 2126 9593 5987 5440 4734 286 9691 9181 695 2253 2357 4575 1222 963 154 8145 9982
22 1067 8780 8202 2178 375 2809 8260 6531 8300 8749 1753 2168 9775 7636 608 95 9142 7582 9007 2190 7949 396
21 600 5391 3368 8851 8110 4119 2344 5030 3826 9898 5696 5876 1619 8797 7211 7977 2055 4587 3951 2041 3646
35 9868 8758 4022 3903 7679 3227 3081 3794 2246 93 1858 5912 4182 5714 4713 9333 9761 3797 4856 2723 7631 6428 2565 914 3546 2623 6193 8140 733 394 8604 4300 5956 2038 8644
22 4467 798 7059 1474 3354 3776 3117 1871 9050 5870 5694 775 9351 3572 8283 8889 5525 6770 1452 4564 3561 8648
26 4829 3694 6914 9072 7659 1267 2436 7727 6028 3220 7807 6294 4488 9792 6601 6502 2753 1650 6628 7965 6083 9468 429 8219 6394 6366
35 1269 2411 4241 5898 3396 9179 2428 4752 3632 1377 9822 2731 2119 6202 1982 1268 6356 8472 9282 2569 7785 2385 1574 1029 9796 1103 9352 8502 5160 1644 1048 4893 6390 4259 5947
23 3491 613 5828 9658 3634 6427 3280 6402 4030 9867 2402 8385 255 2469 2066 5007 279 2791 8555 7107 3799 3658 2424
35 766 6541 8240 5868 9397 9878 2416 5736 8414 7919 5612 4826 1734 4938 5623 6721 1872 9572 4104 5234 4728 942 551 2574 1463 2355 1581 1807 1417 9111 4451 4986 5253 1994 3517
25 2346 8099 6495 148 3773 1919 303 6606 7255 4114 8866 7455 1162 6865 4289 9369 8328 9000 1548 1980 8899 6844 8547 5422 9510
26 5646 7947 5475 3889 9708 5486 4668 4063 3898 6106 7677 1453 2182 2421 5882 6637 5142 3392 9523 9440 9753 7827 544 1714 6943 743
43 8192 2099 7373 6740 1512 4584 6133 926 8023 4762 369 4024 205 9130 9555 1487 4208 567 330 3687 8528 2797 1723 2633 410 7126 6379 3226 4424 8152 4946 6608 5607 1062 7641 6528 2956 1686 8250 6854 5200 8603 7865
25 5780 2693 8189 6699 5136 614 1768 6145 4232 1627 1937 2475 1485 1861 6957 4454 7145 2375 7888 7852 6733 3652 6590 6723 617
22 9925 2851 8906 8995 4799 6262 6380 7343 1214 1981 8921 949 4273 275 3197 9797 8174 5591 9022 6749 6878 5473
25 5914 4255 5997 268 8335 1831 708 5687 4626 2332 855 1083 6043 117 525 4954 6227 7781 886 5587 276 6836 2369 8372 3770
27 5968 9289 18 4599 8024 3014 6877 2426 9421 2002 1735 6466 1520 7139 6852 895 2537 8847 2808 2860 7603 6192 903 9241 1681 4920 5818
17 8553 8188 9026 6999 9815 2739 6661 4654 5206 6741 2129 7637 9538 7400 3841 7281 5642
17 3341 4135 9929 8156 9668 8700 1877 5052 6372 2834 5796 7547 6714 3744 8123 9871 1662
21 5821 507 9495 5232 2811 5897 2968 6135 5044 9467 1317 4033 9692 1912 2094 3712 4966 6685 3309 4544 370
43 3708 8111 576 7713 6217 7733 8194 4657 3728 4600 4614 5829 1769 6051 6302 4686 9780 334 2036 1649 6058 999 4299 989 2942 1558 7527 2022 3753 2934 6040 8327 6632 7003 9795 9419 8398 9522 5442 2130 1063 9769 5195
42 310 2593 2654 1177 6543 1524 762 1660 4442 4042 9821 9677 5108 3592 5825 3600 7725 2691 7403 6468 2006 6396 4413 5929 9085 8682 3290 5965 7691 6213 6664 5029 5033 1583 3411 1684 3080 5515 8575 7549 4180 1984
28 563 8679 8394 1992 722 4716 5506 3293 3015 564 915 3524 5992 1476 9079 9705 8535 3361 4695 3424 668 3172 5065 7578 3538 7169 8163 4466
22 389 3061 2695 8633 1777 9647 9230 1313 7364 7970 518 5004 4032 2636 5299 6738 2255 6599 1680 9300 7820 678
26 7444 9985 6911 5158 8218 9484 5238 6157 2353 1519 8510 3250 7273 5862 738 7877 6710 7404 8990 7292 2533 4978 5766 2434 4185 1896
25 4588 9462 9621 3166 788 8359 9949 9764 7247 5016 8190 6081 8976 7889 9488 7928 9893 9832 2010 3461 3190 4917 1403 2508 2699
24 3578 6825 6470 880 1565 6566 3221 1129 9394 201 9665 7477 3832 3054 4718 7409 610 328 1996 6856 3924 6082 7955 9983
23 2710 1949 8508 9453 5241 1409 2530 4899 3012 4443 7202 1948 8085 2932 6055 8951 7365 401 749 4304 5511 531 8185
25 8968 7862 362 7775 2844 1651 247 5282 3394 5750 4472 5381 287 1343 6433 6461 5220 8748 4888 1911 232 1188 7976 7538 1810
24 8330 9301 7476 3527 4025 5674 6823 1014 5363 7095 4770 66 3974 2472 3821 2256 6737 5774 88 407 3698 7566 8582 64
23 6252 249 7280 2894 1321 1759 8879 4073 1300 3531 7544 3660 321 3808 7574 5817 6223 3095 9715 1592 3195 7893 4619
27 3767 4127 212 7788 828 7051 5378 3849 150 9192 3036 9399 4236 2897 9544 7487 9306 7901 2818 2362 945 635 8656 5629 8317 404 8301
34 1626 9663 8356 8667 5412 3229 2599 4162 3736 510 1628 6672 3120 3464 5121 9874 7959 5265 3877 9785 2555 7728 3907 8117 7656 8347 4170 1250 9260 7508 124 7111 4271 4044
28 7453 3890 8319 620 243 8767 9273 455 226 4759 9284 9447 467 1585 6343 3831 7810 5188 6455 182 5719 2013 7708 751 4434 1348 9432 520
21 2430 3432 6687 6412 4971 9444 317 1499 8867 8741 1036 1820 7331 413 2536 9028 6392 8869 8310 2077 7975
20 5887 288 4072 3347 8678 8345 5845 4461 9638 7676 4035 307 5826 4146 469 281 2559 6671 6437 5860
73 4818 4321 3389 9600 6298 3655 440 5920 3519 6725 5637 5020 9152 5820 4401 6132 5401 8740 6224 1058 9973 2702 5530 9225 6848 8271 998 3475 1904 82 1310 6346 9118 4294 5807 5428 9006 5527 9296 3888 365 8449 8041 1055 811 3816 6542 8572 6204 5278 1395 5849 2895 2838 4118 8882 900 2086 7724 3058 3610 4696 500 1017 9974 8738 1197 8725 2513 2674 1012 8621 3446
42 4838 8102 5557 684 2021 8561 1579 957 8431 7577 6513 736 5416 9582 3642 3188 6456 2999 9670 817 4611 2410 1985 8816 2489 2152 6277 3488 9980 219 4398 3581 6700 667 6800 103 399 5972 8993 3040 545 3479
42 7061 5307 6365 1426 5394 3179 5626 1525 933 7898 8294 450 8731 1239 7381 7358 8587 489 6449 4777 5998 9743 9860 833 6620 778 1205 6385 3456 5981 6636 9080 7821 9595 9104 9727 2304 5421 5468 1072 4870 9936
27 3161 3315 1087 1431 8167 3205 7241 8657 5097 7846 2323 9362 9627 5472 1790 7212 3425 8408 1953 6088 3807 9571 8144 6872 8091 3857 4958
17 5059 8290 4000 2128 652 1757 2392 6161 2290 7085 7222 3617 239 9078 1336 5497 8338
23 1973 5589 7680 6603 3502 4230 5003 8893 4421 4168 2116 1235 8242 9623 5487 3584 4342 3353 6764 8455 2425 7910 169
28 7909 8996 438 657 4380 1252 4956 2008 8395 5432 9264 7268 6180 888 6419 1514 7764 1521 3400 5086 4667 4885 309 9643 6246 8688 5594 2067
23 137 9578 8891 441 7478 6822 5724 1406 6235 8263 2107 7289 4308 4725 2542 9963 1552 8285 1605 890 8776 6829 8865
35 7613 4048 4774 2214 8115 7071 5248 874 3478 3345 2127 5190 5541 2017 3465 8579 7135 5678 866 8631 2657 9527 4057 5627 6266 1696 5675 541 1328 6383 4045 2272 6358 5720 9720
23 3362 8326 8297 156 2478 1679 8752 8931 3625 3376 5932 4782 147 4590 1290 4188 818 8638 3897 5180 3391 3878 1653
22 3207 881 432 2491 1780 9004 4142 2682 3013 9441 398 1500 32 5056 8364 8054 5419 1263 237 6002 8569 7572
22 7600 7119 6225 8113 707 1064 8505 2270 3004 1859 3543 8542 9330 4132 2227 5239 1357 1637 4739 6640 3133 8981
23 364 7662 8946 813 7014 4788 9839 8747 2234 3692 5324 8829 8336 7848 9574 405 6522 6100 335 7837 3003 8168 9343
12 3088 4482 633 3125 1794 5143 2656 6257 5524 7745 8273 7681
25 8253 318 7198 2858 8292 6405 6074 4447 6460 3447 3928 8540 8366 3657 9193 5636 5986 9844 5043 692 3674 8446 8087 5620 7855
16 5858 8239 2031 4358 8108 339 8293 8307 9789 7540 8989 9480 7639 7151 2996 8076
24 719 1002 4084 6226 6152 2645 7242 4748 1765 8246 4825 9366 9291 8291 5423 9162 3562 468 1687 961 5079 6858 1557 3573
29 7913 8139 799 8035 1363 6431 6765 6529 6766 7667 3547 1933 4386 9413 1531 5243 2496 9233 490 6885 1127 5329 6639 295 3274 231 4103 4327 2600
28 1178 6499 9817 5272 8885 1462 8614 8162 3387 8962 163 4371 2320 7317 7826 8751 2997 5462 1306 7559 4418 2117 5270 3064 7223 5089 2452 4393
16 2944 6817 5181 3322 2334 8265 3234 5682 628 9683 2040 9125 3410 793 9036 135
17 9803 9999 5711 1755 4773 2993 8032 4538 6376 9466 3746 5194 1600 1876 3128 758 7083
22 2620 4802 2122 8549 8063 2557 6958 161 6506 2672 6459 5494 5957 3787 8320 4578 1691 7396 6479 7076 4849 3369
29 1844 2777 7771 9071 189 7663 7741 6670 1749 8922 2011 5357 4848 8760 9434 2226 5988 1595 4010 8932 250 4055 7257 1678 9994 9009 9032 2775 3931
25 3334 9986 1882 6793 6102 5066 6523 7290 2915 7729 5698 458 465 6650 1603 4392 910 9486 4912 4422 9610 5110 779 6469 4596
27 7773 2751 3689 7926 7078 6602 1977 763 5345 2327 4403 7980 1791 356 8554 8988 5443 8217 3319 102 94 8655 3627 9887 4794 9069 3346
26 1998 1560 6845 8029 9883 2284 477 5185 7943 1240 4733 571 4565 1130 1758 5739 5267 8737 6841 5042 8042 6126 6806 7900 4062 6296
25 2288 7609 6645 7688 1051 756 8870 4134 7114 7048 8778 8723 5492 8550 9900 6821 7454 8381 2241 2733 826 3155 7740 7792 8591
16 3272 5705 2300 257 9294 9745 4322 714 5120 7937 6673 2776 7035 9368 4509 7602
17 4679 5864 1108 7319 9321 1073 2415 8693 4700 9641 4480 2585 178 3078 8698 9710 5212
21 9249 6724 9672 1860 816 6679 869 8721 1475 2553 7876 9288 7180 830 2419 6814 5406 3726 55 1152 4247
12 3696 3669 8056 4852 4906 3783 1128 4547 8955 8683 2479 9602
12 5343 2670 1864 3935 5359 1618 2453 1398 2644 9088 1898 3196
29 5886 3193 4181 7330 6244 8121 4210 7892 4570 5859 3813 6624 988 5047 4009 6487 761 2673 9514 7294 6839 85 7696 2520 4143 1030 3995 385 9517
27 7108 8397 609 5652 5287 4496 2726 3051 5599 8141 444 2083 4537 7786 8765 3282 7946 6778 9506 5148 8033 381 104 7961 136 4319 5806
35 1381 5721 1763 4275 2556 4953 5949 1219 2913 7446 5396 3992 2991 8094 1297 9039 8311 6866 1572 1506 2880 6373 8363 7583 4514 7726 6360 5575 9292 9243 6446 6837 5266 9685 2363
27 7196 25 9533 9146 7994 393 6768 2514 9661 5433 1413 3567 1539 1668 5123 4218 5709 3784 2114 795 8222 8939 5915 8084 3260 3670 4109
42 2445 6208 9229 9585 726 7699 7588 3940 8331 1559 2931 3434 5070 4339 4995 1327 2401 4292 2186 9596 7858 9161 3661 9855 3720 2868 8197 7311 4771 181 6963 3302 3663 1740 8268 7652 1851 4526 1179 8928 2314 8594
28 1922 2649 9503 784 7142 2889 1764 1568 3975 6096 9731 713 710 7885 1052 7032 3372 6668 184 4987 3884 5303 7451 642 6750 6635 1647 7845
22 6879 5593 1229 7069 6125 3454 293 3558 3597 3593 9437 202 8626 5778 9922 7431 6619 1117 3103 3522 7868 2804
34 5317 7899 5842 1947 7393 561 2527 772 9843 7426 9053 9736 8903 140 4673 4997 9818 443 8187 1451 3263 8129 9629 546 8151 790 8855 8691 6777 5795 68 9045 8674 8005
26 9252 89 688 415 6311 9102 7682 6947 9220 5201 9594 7282 5285 7606 9679 1906 4270 7299 2802 9562 672 9813 5179 4553 8924 2626
26 6143 2191 3104 5124 7125 8325 4563 2872 3759 4693 3404 612 6701 7219 2102 6012 9041 575 9101 6818 2159 9311 7133 4618 1133 1345
17 5513 8244 4898 6611 8641 3167 7992 9337 3318 7179 5058 2174 52 4338 3977 6488 9589
35 4523 7940 8048 7329 698 5470 6282 7700 297 8270 4937 1495 3018 8214 1724 2543 6948 7895 4821 8625 5880 7260 1233 4407 1418 4334 2383 853 9168 662 1220 2688 3606 5113 4916
28 4483 8070 643 946 538 6184 850 3469 1732 5827 5751 2903 9676 4243 7021 3999 8008 195 1193 6095 7008 3893 1669 3032 2958 1501 1822 6789
28 1874 9865 776 329 4385 9856 9156 6085 6824 2098 1241 9535 2969 5792 5290 5427 1909 3249 4513 7104 5081 9926 1257 8811 7237 7481 7824 8324
12 9550 3740 2202 5084 1243 9673 2233 5537 5125 9616 917 519
24 1610 5658 5809 4152 9770 7340 2820 1262 1436 1833 1334 992 8180 8496 9375 8938 3254 6234 9568 7207 7543 5606 5277 2821
18 9763 9449 7767 6320 6662 3905 3820 505 5247 3914 4163 7787 1677 1812 5269 3170 9426 8378
28 3870 8895 2954 1400 7768 1213 3222 7830 7800 5063 4441 4254 5417 4164 8646 7628 87 5429 5560 9166 8175 9443 2199 2449 5069 9420 8511 6939
35 9520 5813 4412 1849 5662 6868 1553 2907 2602 787 513 2466 6978 5955 2019 2778 2750 5701 125 7944 190 1360 5219 6434 1173 7220 186 4497 4653 197 1043 3139 781 4478 1370
27 4390 2882 5330 2773 4648 1282 6545 5689 1905 2850 4785 2987 7315 7647 3480 3317 3059 6808 7491 7772 8823 909 3383 9201 4266 7327 7818
29 9359 9569 2581 6060 7952 9376 8609 312 5634 5215 8206 6736 3191 4724 9620 8407 2457 6128 2748 7825 9866 704 5832 1121 2073 3097 4067 8896 7755
23 2015 3926 8430 6576 6873 3643 9493 4309 7046 2978 5855 8810 6272 1883 3403 7746 4524 3386 5526 7128 9805 1125 6030
22 4070 3324 5635 558 2462 1895 5327 3811 6938 57 8523 8124 8191 2875 8015 3164 1658 6638 4905 7349 8766 9905
22 4419 8913 8153 6717 6410 8019 8598 7790 9303 29 7033 9559 9470 5451 3932 1502 9802 6398 1510 5519 5407 842
22 4138 7376 6894 2698 5178 9505 1536 1484 6751 2485 1124 8844 3082 7485 4219 1006 2153 3329 3339 5554 7608 2746
21 1140 9880 1056 4212 8848 5298 6038 9431 4990 5904 3132 1259 2089 4502 4809 4750 4827 8143 2020 9733 9408
22 9044 262 5683 8998 4314 2192 8839 425 7434 1588 7401 6709 9812 6130 2349 6061 1901 2803 9215 2607 7499 2325
35 5245 81 4015 1847 8231 6384 876 5374 1432 456 7459 4983 6554 8127 6615 3342 5740 9479 2371 9518 6990 7973 7266 8764 2622 2278 6068 6167 225 5881 5244 729 7935 4444 485
26 2951 7218 3433 9313 4494 3017 2551 2057 8658 8786 5331 8945 9967 8832 2814 8841 6286 8130 9310 1031 7060 8346 3251 8980 8628 1019
17 8047 4830 8798 4712 9552 2088 4239 3768 2961 7648 3214 8148 8351 4792 3037 4813 4023
17 9515 6462 3537 8207 5284 847 4328 8650 6265 3473 5512 7087 6453 1279 9212 4293 5205
16 4936 8566 3453 9895 565 5786 777 8514 6908 9537 17 4315 7552 8442 5769 5013
24 3381 233 789 7501 723 5509 1033 165 5366 4872 380 482 3972 5916 138 1154 8050 3011 9956 6702 2157 9635 7795 4841
34 1061 1442 5811 3990 8298 3256 1423 5962 5622 3136 4133 3782 8608 6571 3215 305 4769 8090 227 9189 1468 1638 1437 1001 5075 5866 1534 4706 4999 8874 4585 4881 6458 9204
25 1114 6913 2805 9664 9829 3022 9307 2016 3333 2001 4640 7077 8969 7093 1720 536 3025 8807 5403 1589 7995 529 7407 2770 677
27 3252 8493 871 928 9540 1 1590 5618 7918 730 1424 5474 9858 691 5665 1920 5595 7915 6658 8736 6923 596 3175 3518 9853 2554 930
35 5578 4361 8276 984 2216 3445 6363 5610 2326 8295 8072 5544 6044 3174 2194 5688 3945 2721 4295 9415 625 3470 4499 5922 9326 7766 7857 1774 3065 6310 797 4026 53 9799 8690
42 3230 2582 5669 5426 2806 9083 4436 3210 1473 764 7437 9660 5590 8322 9275 696 6979 9157 3457 7798 1080 3675 4655 845 1349 8800 8956 5504 1068 4498 6734 5025 3144 2146 1988 7161 8125 5958 1958 9783 8789 8710
35 872 9735 1009 4992 2342 1225 105 4972 2567 8483 9154 6929 2492 860 4242 1762 1640 9712 7666 2105 3939 4448 6181 6017 8977 4124 8350 431 2787 4458 6754 2170 2662 9881 6704
24 3557 8215 2063 5801 4768 6580 5236 5896 9067 3071 9713 2048 9319 2377 9262 9543 5102 3800 6489 4501 5681 4801 4350 5966
42 7122 8878 4100 3758 8334 5653 6630 533 7436 33 376 4639 7718 9299 9290 1946 6393 6406 6847 4028 9197 9481 5797 5508 6022 8795 4077 152 9339 2898 7869 3879 7350 832 9354 2273 1738 4933 7389 3734 5183 3459
17 943 264 4511 9238 2849 252 1368 1839 5410 7674 746 7507 7653 7803 7907 3314 8521
17 9251 1940 6567 1879 4666 8021 8379 6983 4506 5729 2163 7469 1276 2213 9247 366 7473
22 2981 9840 9642 1538 76 3395 2498 6148 2131 7038 3555 4370 5022 4892 8905 2771 8907 1517 7515 4002 9427 3568
17 8184 0 864 8759 2413 2050 5173 8487 5550 1602 1318 2211 1951 4504 3994 8361 9611
22 6583 8080 8949 7643 8623 6041 2676 4066 4079 2540 2579 3943 2084 4560 7414 4981 9768 9272 7966 9200 4543 8236
22 1778 3755 7438 3492 3900 8588 6535 5925 7375 3005 51 9758 7445 475 3294 8312 7660 91 4581 4908 1530 9371
11 3650 4231 7742 5450 6883 9317 6973 4685 1261 8872 3357
18 7464 174 4913 7556 3540 5293 6242 5836 9461 8388 3305 5358 3326 1799 7967 3000 6780 4374
34 7779 1459 4058 7275 6907 6160 5489 5536 7872 8665 9952 8953 5793 4406 5105 1845 4944 2728 4336 6604 2051 345 3621 4097 1389 8930 2493 6199 62 5741 4217 27 5854 4703
23 9360 9509 6348 2263 2368 8468 2740 4351 5186 4120 1661 3756 931 6826 6476 256 6810 3416 838 7321 6497 3786 5996
12 3028 2487 3209 9961 1556 8852 7638 8092 2837 1505 7236 433
26 8578 5891 3311 6127 4415 6674 6773 5087 4003 9140 1986 5095 8495 6498 3883 5873 8664 586 5790 5319 6283 3983 8003 7326 2659 3382
21 9019 1666 6297 5502 6669 9849 3719 9353 673 6269 9852 5677 4839 9396 9442 1716 9274 1265 4910 1593 8941
22 5478 4435 588 1034 7000 3973 6281 2587 6408 674 1155 4602 3840 3243 1576 7382 1045 4016 3498 2863 2614 2046
28 1131 8958 9253 3731 5830 3409 284 883 3749 1837 2550 1251 2093 4630 3016 4131 2279 2239 8963 8116 5685 3308 7780 9690 5448 6693 8362 9320
29 3709 6745 8173 2857 9047 5380 1983 6895 1085 4479 4061 1195 6648 8501 9835 9043 2206 2800 7099 168 5068 4930 5304 2317 7573 8746 7442 1158 2090
27 4717 3964 7368 8622 1492 3911 3031 7130 2827 4701 9991 9970 9345 7551 3649 8039 8859 9948 9099 3895 649 705 7002 4800 557 5050 3295
22 4528 6382 2026 7811 4364 4147 7005 9038 737 4659 1741 2351 9382 4921 4137 9223 639 9012 2365 975 2588 8166
27 9451 31 7601 1663 3060 8182 3390 4577 528 7416 7173 5349 8421 7286 2081 1846 7831 5311 4609 7039 5452 9778 5765 9308 6690 2208 4803
12 7621 9845 7657 3393 8532 8516 113 5455 6233 4047 8627 3984
34 6610 7971 6616 9784 323 5819 4252 2970 3598 2596 5414 7622 753 2976 9689 2566 4891 2845 2340 4126 3659 7841 5082 9425 9873 7049 7963 9968 1387 3002 5389 7369 9882 2245
29 1545 6622 5597 4175 5877 4931 9065 7390 1090 839 4244 65 4651 8768 9742 9529 2885 4288 9018 6136 5614 9554 1617 7617 5477 3958 8112 9328 8684
28 4470 687 1430 14 2142 1358 8432 9561 2877 1797 645 2443 3838 5231 1824 3500 8570 4880 7969 3112 616 9126 562 8255 927 7221 2482 38
28 8402 3288 6647 9687 6887 6241 9989 7917 134 3253 1694 4353 9762 887 9148 4692 7263 3909 7249 2150 4895 1761 1924 4223 9759 193 5702 8639
25 4949 1411 3438 6761 5531 7192 5952 353 1573 7168 314 7866 9060 4402 878 1832 7324 6641 522 1079 4305 3564 5552 5292 5999
23 3827 2171 742 9267 6089 2793 7291 8743 8640 4332 5772 6573 5218 7440 8770 2764 7829 8059 6209 7890 2920 7418 2927
27 1015 9804 9862 3703 8506 825 4333 5130 6756 4595 176 1960 5313 3804 1274 6168 37 630 2871 3969 6896 9678 1523 9545 325 2963 6743
22 2297 3507 4819 5794 4140 442 3159 8274 9946 2507 7833 8812 9531 3762 2164 9350 2962 8783 9073 8515 901 7541
22 240 9528 7524 3211 143 6631 2664 3076 9167 5154 3906 8399 7646 390 4661 2161 8647 1823 5438 3628 8985 4313
17 1563 4172 4704 4761 5900 8782 3146 4637 7595 5655 5355 4489 4446 9959 6195 4843 7925
28 9601 5732 592 7053 4779 2795 9170 4071 2333 9807 6961 9191 8288 8456 543 2679 1900 6063 8030 1011 6915 6862 7213 2810 4674 2988 2833 3270
34 7147 1143 7153 4476 1889 1623 2382 2524 4977 4807 4209 9909 918 6892 8444 6955 5402 3721 7251 1203 6798 7532 3819 3467 1612 1226 9932 8208 7231 8164 8134 6105 9344 8637
42 6238 995 4493 7658 1322 7744 3779 367 1119 6300 8065 3609 7397 4166 1393 5712 3563 5469 8264 3377 1504 4994 2471 7428 3979 7377 6137 5074 215 1420 5905 8074 741 3033 192 5273 4601 7138 6316 6739 3458 6546
34 4420 1478 5910 6694 9826 2592 7387 3046 9448 9435 1518 2935 2087 5978 9064 7661 3588 9598 1730 8974 9120 7205 5039 6918 3397 5006 9137 4456 1157 955 3823 3421 8942 6987
22 2359 2481 7672 8720 9998 6165 4542 8595 8453 2465 2761 2610 2305 6139 3435 1106 3185 3803 4343 5165 6956 2980
13 5067 7835 5320 9180 6121 2928 2772 2180 4781 7300 2667 9637 1631
17 5979 4107 464 9336 6014 5933 4409 2594 8876 9331 7529 8068 2506 6763 6906 4518 9195
26 5553 2747 7627 7182 7516 7911 2379 3343 4996 8299 5577 9176 5011 3098 5706 2014 133 9001 5051 893 6144 5177 2646 8400 5149 1266
21 6910 4772 4507 2933 4612 1707 1098 5973 5930 9423 5760 9013 2484 9386 2848 7148 5395 157 6439 3781 9628
28 7355 5562 8340 183 6251 5491 54 269 2380 1915 8277 3551 4904 4505 4095 2842 603 8337 9707 8642 1596 2432 3067 4215 7406 5155 6347 3201
34 4325 3986 9613 6889 2984 43 2310 272 1160 4539 3284 919 7430 3904 3954 2350 5139 5224 9757 4533 1674 721 2638 7618 7171 7394 270 786 6490 4874 6505 5735 9074 9226
22 7362 1670 2768 1645 9092 4965 2865 7709 5078 7181 4449 6467 5838 7129 9190 8769 1330 4627 7074 9842 2900 9334
28 4450 9076 5776 9726 5608 8862 1479 8503 6677 1059 4503 2027 986 1522 5835 6186 1309 8052 8504 9116 7215 802 222 9988 1244 6952 3070 4484
34 1208 7113 3030 8726 4433 7623 3006 2144 6928 6191 4645 235 2488 593 2580 2262 532 3039 9286 3553 7770 1352 1727 6185 1725 1897 3710 4714 4694 5727 5869 2671 1355 6496
22 8719 8809 8389 7090 9653 964 9304 3223 843 1570 2651 2832 8602 3982 9634 6275 1578 7084 6025 9746 9332 6705
17 3614 8950 985 822 1976 498 4001 3583 7879 8863 5731 5547 1938 9511 6707 166 560
16 3298 6965 4366 6112 5559 2879 6331 7769 3855 7086 3869 9250 8434 2068 1989 1270
25 1319 8994 8568 1935 6452 5850 2167 3122 3686 640 6802 5861 3466 1945 2864 8873 2181 5280 1584 5251 4081 6194 508 3963 419
24 1284 7152 5518 427 1074 7749 4029 5644 6221 2577 9281 3052 6605 6534 1338 8966 573 4285 9918 6448 2738 2035 4669 7178
42 7284 594 2166 4573 6259 3534 7490 9547 6935 6010 6426 1712 3050 9056 9445 1599 6230 2120 3313 5114 8918 7253 3121 1656 9428 282 4677 9409 4250 2901 7817 6292 4331 3285 4879 4633 8212 6273 9947 6123 1630 6579
21 8433 2523 3688 7295 3788 3690 8011 5945 1641 1566 6153 4988 4034 9706 6774 6867 7034 263 7883 6436 3707
24 4006 3833 1333 8538 5961 1819 5816 9890 5918 2855 3845 6344 7244 5963 439 2757 1771 9438 7158 9870 2526 8467 9536 8802
22 1018 7068 977 4857 9861 2964 8353 3413 2730 5193 7106 4621 3671 9684 3242 373 8545 934 4487 728 7256 896
17 7760 6536 5198 3852 7668 3559 664 3863 7739 2994 6285 4853 6584 4246 6415 4452 8046
16 5350 5062 9697 8281 8165 9791 3981 4708 7938 7439 4760 6073 2560 5302 5535 2681
29 5649 6744 6855 350 2630 991 8825 6389 1979 3092 1115 6284 2034 8685 8358 2586 371 6120 2613 5252 3618 6863 5846 7486 858 5944 8025 5695 5585
25 218 6548 3515 702 7978 9512 7563 3494 9908 2675 8651 7933 8880 6391 2634 2861 3379 7921 7905 754 8814 6811 3328 9107 7839
34 368 3739 6333 3296 1542 4432 6575 7233 7614 8959 3235 4766 6653 6447 590 2835 9979 3925 9218 3677 2912 2655 5436 9091 7124 7081 130 2813 2606 244 7287 4075 697 521
24 3751 7753 1835 6755 5484 8437 3219 9024 5581 115 3187 7356 261 3976 2707 4278 5145 4428 9417 7306 8223 7886 8013 2267
27 23 7239 5008 3001 382 7285 1722 7589 2538 9051 9656 970 6147 1237 8203 4213 6353 9387 3896 3109 5522 7155 7018 9605 3886 9995 2521
35 1956 6762 9055 320 4205 6116 4735 3864 4238 4968 3700 4929 28 9699 9657 1044 2248 7052 6077 1003 302 7016 8482 3089 7137 9525 2321 9490 8225 9632 7545 3806 2137 3077 8577
28 6591 5255 9548 5994 7191 7842 4224 3629 6093 8933 6268 9458 3268 5390 8333 5725 9570 2578 70 304 6483 6713 9526 9237 4682 8897 9429 2719
21 7534 622 3699 604 6335 3042 8275 7017 2296 5217 9246 747 566 3631 3701 3364 5990 112 4216 4681 4348
28 6960 5742 8251 9933 7498 8803 3791 7452 4040 5632 3822 1472 7456 8777 6151 9558 6771 1185 7332 8403 8772 1926 925 8377 725 3436 72 1402
22 4644 6988 3091 5346 8904 45 7867 7010 4416 6864 4495 7132 2442 8860 1575 139 8992 1601 1099 6926 9475 1692
27 6090 3536 8900 2668 6880 9341 1564 7756 9082 3750 6098 5743 6119 2319 9494 7354 6613 1701 9877 8043 4550 1165 8101 4161 273 3275 119
27 2007 9504 7380 9765 7023 770 8522 2364 445 5708 3865 3523 7735 6101 5210 3261 8750 3189 9323 7283 3123 4101 6944 7704 9133 4742 2862
36 6912 8886 5851 3742 1111 3398 2091 5834 4240 6891 2277 116 7993 3019 75 326 2941 74 3830 2292 6967 5529 6551 5783 122 6253 4521 5824 5744 7112 349 3569 1386 6440 8925 2841
26 1022 1385 9755 2815 1744 6198 3771 3910 4112 6314 4963 2347 3428 3789 1392 7687 5752 1081 1731 4927 5808 8607 5938 6587 7 3565
28 6031 3887 6245 5815 9833 6146 559 4691 6790 196 6474 9178 271 4113 1708 9940 6442 7953 7908 6660 7279 2532 2103 2398 145 3834 4037 463
26 3027 5072 2822 9615 7850 6475 1802 4245 8944 2929 3754 4605 745 9806 503 2361 3665 8390 6933 100 1667 8262 5301 2945 7305 7116
