29 3663 5233 5554 7796 9397 5649 4130 9939 9072 5965 5921 9050 7458 7215 2675 2157 2052 6036 955 6495 8673 4567 4396 3450 3944 915 3969 1132 3426
33 8720 9983 8204 6678 5219 4611 9009 3341 7120 3708 3226 240 6881 6247 5158 1818 5941 7014 5312 999 6537 1410 6148 1663 4178 8572 2521 4658 2238 7088 8603 7947 8716
24 4780 7095 1152 5868 4644 8230 1799 3786 7290 9226 1075 6216 242 5088 8818 6839 2721 7488 2647 2387 3366 4923 3523 8320
29 9940 9861 9051 7647 2802 6400 461 397 493 4927 4822 5461 5439 7211 3319 4076 6596 2422 6502 509 7649 6178 2695 3666 4593 3467 3893 3401 1634
34 2634 8791 7777 7403 5495 6636 3128 1945 5641 7753 7657 5805 9487 1332 9809 7454 9135 3179 2734 2745 1210 7391 5994 5283 6087 1313 8621 2973 218 394 620 7785 9216 2574
29 9813 8574 7129 2352 162 6773 7373 6835 4930 7887 5200 6945 1029 3344 3936 3187 7220 4797 2993 1291 65 5252 4097 5887 1862 6820 3324 6064 5454
33 4032 7117 7923 7530 8947 5866 9262 7620 1808 7048 7325 5542 401 975 4421 7652 5940 9002 1816 2553 9747 696 376 3447 9602 1765 4609 2709 1997 531 3185 5188 1208
23 3102 8803 7613 1529 3578 3568 8518 53 6980 4542 2544 8138 4186 4003 4728 1106 5593 7813 6302 6165 9293 6668 1897
26 2174 1454 6168 5392 2817 7053 9620 9212 1137 491 4036 5511 3291 1821 6301 5373 808 8946 9677 7921 9968 3501 8397 5343 5977 8074
33 8426 3089 422 8908 4762 5648 8369 1178 2202 3042 4756 2781 9670 8600 4635 2425 1847 9712 2348 8002 4687 5236 9888 9828 9207 4851 6647 3492 6605 5368 6219 8484 183
33 5221 7364 3400 9152 6296 9900 8449 6307 6073 7981 772 456 4181 1417 2843 2448 5328 5261 4108 7351 9223 6985 378 3889 8056 4420 203 9714 2223 815 6793 5755 3949
28 8096 42 4882 7397 4924 1753 7067 6235 2183 1735 3998 7509 5172 3811 6428 4011 807 2364 1393 1956 1789 5538 3209 8972 8847 6850 3823 587
26 3171 4037 8717 7045 1538 7000 9446 5770 7592 1520 1185 1060 6867 7933 2996 8732 1444 8360 1998 6100 363 9613 6332 9349 3920 3725
28 8763 9550 6907 3315 7050 1636 9631 9053 5560 1174 8768 1240 7738 5732 4783 1363 924 2793 3025 1885 2267 1637 1323 9794 8938 8316 7198 8076
27 347 3861 1296 3705 1237 153 9503 330 662 1025 680 3302 5255 5615 7287 7137 6298 4630 8920 5286 9829 3314 2079 334 8442 5904 3104
27 9760 3378 6342 3023 4550 5315 9380 4434 1600 4391 2414 3262 7916 1870 304 4817 4026 8294 3735 2119 7122 2740 705 9017 2272 6497 6455
34 2882 8178 8799 732 9989 8387 5714 5354 522 964 5093 6366 5945 6953 3611 4196 2648 9155 7302 1550 9168 9306 8892 1580 850 1557 6440 3914 1255 3848 9463 2164 4111 7317
33 6510 7032 3142 8327 1330 1736 4894 2413 4056 4751 6661 4788 201 248 3601 4922 2856 1912 9202 5137 2481 6846 229 1939 4087 4887 8758 5132 9154 3526 6531 3804 7992
28 8729 4759 7634 8078 5180 7999 9610 3866 6787 6568 9046 5545 3340 2597 3971 9360 9872 3713 4134 7761 802 5502 6016 9770 6821 1545 5051 4232
25 3928 361 6465 9964 8781 7146 1669 5633 7984 7481 1857 8347 5149 1483 4350 7616 8544 1957 8951 1741 5308 4060 7177 4987 3182
29 5002 43 9830 2824 1439 4444 1135 7005 8049 2389 1926 7159 7558 1809 9705 414 8071 3317 1784 9410 4418 2432 7628 6543 9527 6136 3342 1421 9696
30 6211 8684 5329 337 570 324 2560 2499 686 1726 7037 7637 4742 9713 2806 9301 4880 8706 3676 3356 7066 7549 3504 4503 8472 7306 9288 4416 1036 1932
26 2484 6271 1292 9167 7479 4696 3897 2755 3448 914 6083 5396 1846 8824 1041 4528 9594 8165 3703 4023 9254 3598 4576 8790 5858 5562
27 7621 5205 9233 997 7717 2054 6713 4538 6220 1692 5497 5309 4573 8357 8713 3391 4034 8368 8448 9581 3274 5908 1827 4053 7270 4171 8561
31 3417 3153 244 7440 5798 664 526 8766 9363 8725 5970 7438 8017 1922 1755 798 6799 3370 5690 7249 9351 1176 5850 9491 6674 7704 9984 3841 9253 9925 1189
28 5250 2656 6473 5878 5437 4497 9088 1048 7467 9395 3269 5311 3519 9259 6336 4267 2903 9575 3852 6147 8530 5873 2376 9113 8088 3374 1037 8446
31 8833 9643 3246 5516 4638 9006 5997 2006 830 5271 6022 640 5540 4919 3939 479 6591 4333 9518 8435 7241 5334 6614 1110 6743 1199 3986 4085 3947 4521 4228
32 2022 8269 3579 7390 5393 7970 718 5777 1138 9421 6920 5191 1712 9164 3129 6361 591 1253 4582 7311 533 4078 4903 9678 3159 7832 8864 144 4291 8385 7868 9576
31 2796 4806 9891 1589 5872 4569 1360 8129 205 3030 4746 8934 6349 6071 3674 2314 9768 6601 5687 1211 2429 7951 8695 4754 6130 6322 7877 3141 1985 5602 8926
26 477 2195 4323 2160 3287 5295 9133 7679 7207 3038 2868 5863 8483 5063 4148 3875 2095 562 6557 3677 960 8214 3955 2399 9292 9430
27 6975 2992 1604 7905 2153 2199 8813 5973 3590 6240 6785 1834 7427 9279 4249 6031 8274 8163 2995 239 3517 6129 8194 7733 2750 250 2107
26 8267 2362 2239 4301 1884 3404 5170 8073 4774 7059 8103 5512 1361 8473 5772 7642 1582 7224 4465 5243 5384 8023 3736 962 3028 3683
25 2280 9452 5487 2115 3737 9521 9516 4734 6323 5932 4936 4723 7736 1233 513 2561 8217 4913 4708 1115 4294 5837 5471 5377 4373
31 8982 9579 669 8322 2915 8432 860 4867 7288 2343 3146 4486 7163 6127 6536 3846 1068 9272 6995 7033 7347 1472 8358 5520 9775 775 6775 5424 7574 6069 3301
27 8770 6039 6903 6278 2947 6112 177 7017 7800 5469 2661 5004 6512 150 336 8328 9404 938 1890 972 6901 6118 5501 7954 8587 6643 2633
27 1223 2474 1813 8130 8335 115 8381 6802 2312 1142 3838 7183 6257 6150 1536 3075 9531 3772 3824 4875 1829 9056 6704 2023 8865 8223 5239
32 8135 6290 4446 9109 5167 2198 5749 3792 3461 8974 2666 1911 7323 9691 4166 3546 1334 9283 8271 5291 9137 8525 8944 2326 8819 2534 6660 9023 5771 30 2392 7254
28 1877 2323 9389 8765 9674 7882 7623 7328 8395 3051 1828 7643 8886 6714 7356 6777 6665 654 4088 3163 2500 6300 5489 6326 1476 5556 50 7955
26 8941 7271 9187 8087 4536 5102 4052 1289 7572 1519 7847 8126 9183 5879 8415 6859 7128 2741 3499 1708 9731 6096 9426 7085 9385 1451
26 3723 5479 5298 6280 4634 3373 9064 1127 6810 4008 5079 7193 2966 1581 4452 9915 9427 8315 8754 8213 6458 5068 9750 6166 2584 9442
27 3173 4602 6768 4585 8469 8868 8876 7061 5871 2020 6598 7106 805 4818 9134 296 9626 3552 8628 3551 7101 765 995 1627 4354 7138 3622
32 2810 6048 7268 8726 8782 9409 5623 3351 1892 305 9958 6797 5005 9795 7855 5899 9766 7807 5186 6134 8133 9433 6675 2535 9504 186 6700 6472 303 4277 6562 3888
34 1181 565 878 6899 2313 1209 4656 5776 2383 3513 1576 2281 5342 6347 4994 9727 9285 5782 5736 1620 8796 7298 5857 9245 9949 9368 7480 8475 4952 8082 2001 2698 6005 8656
30 6490 5488 2579 7234 5865 4377 3310 7817 8195 7068 1655 6638 809 4295 4246 9508 4801 3834 8849 27 9971 9865 1852 108 2475 3660 5552 4709 4912 4539
35 8887 4932 6796 8709 7140 8041 7557 3110 3147 4716 441 967 3899 3678 5759 8635 1605 6466 740 6289 2894 9977 4055 1768 1234 5106 1083 4303 4615 2790 508 379 9507 93 4483
28 8526 1098 9513 9753 6144 5059 8196 953 8121 3840 1971 7277 291 2249 2308 6955 4892 6739 2825 1193 7435 8285 8351 681 4273 7541 1008 9848
32 1875 8143 8565 8596 9735 2946 2645 4581 9565 4411 16 9144 1601 6616 7341 7833 2924 875 5744 2050 1871 1192 9431 9348 5112 8559 3682 3559 163 5915 1105 6369
26 6460 7865 3216 9723 7885 3005 2112 3668 7022 1502 4920 3620 8785 6334 3271 7754 4349 1205 3455 2765 8093 4717 4059 7446 6692 9990
28 7009 9633 272 287 4318 8288 2396 7172 2657 589 1373 836 3062 929 3192 9012 482 2896 6429 1497 709 1947 6863 3048 6368 7671 5227 1810
28 547 3259 1485 5762 9625 9903 4741 7942 6430 813 5824 9130 1659 5161 7462 1773 5935 2137 429 289 4655 8866 6330 1474 8055 2797 804 4598
27 1215 7910 684 7151 8035 7240 6515 3421 2696 6383 4366 3898 7721 4363 4124 7853 755 4600 82 866 3710 2585 1970 2655 9316 3549 6434
23 1595 3070 8180 1475 9864 7756 550 8411 6535 5162 6489 8291 3990 4631 5766 8719 1461 8420 6824 3661 7452 4597 3739
28 9841 650 4287 748 7779 1901 7439 5934 3094 8134 1832 5569 2864 9003 6737 7262 1059 1894 1146 9743 7156 1295 5302 450 1662 1108 7857 3941
31 9849 9992 4454 6046 3837 4961 8778 112 4144 8466 5991 633 9584 6017 7020 7960 6382 4317 749 3221 786 2979 7409 4868 4093 8119 8960 1984 7338 6122 5322
26 2216 8933 2502 7196 6687 4126 3785 2618 7343 4388 8882 1830 6232 3082 738 1709 3582 2209 5883 926 621 2572 6299 6319 5001 7166
25 4859 6378 759 4261 8237 6934 5728 181 2629 2650 2037 2002 691 4657 8399 3135 7187 7235 7353 7772 7119 5036 8242 2708 4791
27 7804 1822 5379 8007 7380 91 9329 991 1643 4606 1198 8151 7475 4955 8681 9326 3945 2900 3073 9630 5979 2792 2762 3957 1017 2550 7551
27 8901 9818 2106 5640 5674 2101 651 2275 580 3673 8465 588 3444 7713 4792 2898 2567 7107 3496 3307 8880 2251 2042 2360 4131 8020 5669
27 2925 942 8482 2467 83 8786 2273 1905 3049 879 6225 3357 5433 8169 8279 301 5717 3174 2032 7723 8331 6807 5716 9822 3442 2179 2266
26 9229 6488 3155 2773 6958 7691 247 4146 6755 7867 3884 6116 7217 9634 7913 9902 9375 7731 2673 21 3659 762 8969 4900 5115 2753
35 7899 7072 7607 8622 9991 1101 7019 3384 4470 4579 7795 4962 7260 9840 8921 5248 5194 7131 4664 7470 5336 340 1089 6075 5642 6686 9885 9210 1437 4464 7274 4195 9904 3985 6399
31 653 8418 6611 5742 4245 8959 2013 8557 1762 9589 892 55 8457 4302 1777 2100 8842 1239 4282 2162 1559 7764 34 5528 6158 6099 5706 4666 4640 8539 6263
26 5016 5705 8690 8755 1525 5042 1465 9697 2717 8704 1651 372 6179 6921 4212 2007 7635 9057 2558 1222 3485 7746 327 4191 8375 7418
26 9659 1488 7433 913 8321 3575 5820 6482 1992 1038 7165 8227 424 2852 5146 7946 7002 6450 7132 3047 4784 8181 3731 9987 6013 402
27 4757 194 7963 8206 1596 9379 5692 1517 9104 0 1981 2452 9860 7706 6192 3109 6446 8376 885 3921 1965 9209 1918 8205 3778 2446 1370
25 4572 7692 2349 5967 3395 189 9118 8895 3026 4948 349 1703 6720 2626 3362 7320 9258 3799 9668 8359 5999 7786 9456 2083 9485
31 1743 8965 428 9276 3375 1282 2257 6496 4376 9388 8010 3510 9629 4096 7091 6613 454 4457 6950 8060 5129 5969 403 6574 7054 3223 2346 8157 8177 1935 1331
26 4663 8273 9568 5616 3525 7741 8156 4190 9663 475 6104 8961 5429 2685 2809 8641 4680 2339 8862 904 8145 9961 7420 6736 6051 3533
34 8189 3782 1697 3688 3184 6394 9149 6817 6580 5242 4749 1686 1787 3241 8828 4039 9239 7355 221 6753 3651 2154 6010 9722 8150 9492 6194 1587 4471 6902 2171 849 3195 7768
24 7069 3347 8276 488 6020 5823 2379 295 4104 1151 1900 1395 384 599 8125 6222 5110 7112 5822 1411 6966 4766 794 658
33 123 8456 3988 9071 2576 639 9850 7276 2775 1062 8338 3699 4046 8417 9739 5972 3644 8176 9845 2978 2944 9345 7407 478 9912 8742 2707 8540 2495 353 5144 3779 7914
30 8542 8124 6725 4161 9489 7972 7021 3768 7674 9719 3156 6040 6388 2270 3217 2472 5534 8481 7449 823 1005 4796 4854 6733 6485 7729 8515 9751 8678 679
27 5536 5478 8558 1865 8738 6439 615 8836 408 2838 1838 5918 9624 1365 2460 996 5097 8654 1671 1022 1800 125 7630 537 9529 1316 3638
30 6784 1250 4133 3597 4058 3167 1535 3869 7728 3858 4713 8855 8807 5607 6494 7195 1430 4172 8634 1345 246 1464 6505 3966 4587 5339 6984 4893 1501 7289
32 7563 4094 7734 7213 1398 3065 3681 4254 9510 1001 8670 1944 5764 3918 28 2436 5401 3079 5801 872 3604 4563 7864 1186 4072 9180 2878 7201 7771 2603 7926 3254
28 3946 1408 9004 8805 4407 6727 7945 7148 3850 1878 4690 3472 307 5986 5541 9419 5724 2167 4750 7199 7236 1200 612 7982 7465 1141 2918 9322
31 5360 238 4653 3570 2697 3989 6718 4845 9979 7732 1011 1014 7665 7639 3069 1213 4637 8777 2440 4413 3476 2621 6206 2722 539 5609 383 8661 2318 7293 838
27 6555 4487 2965 7267 8591 8571 8249 5729 9683 500 7534 2077 9580 2297 4217 3908 9761 9000 178 8164 9812 4855 2622 7093 7889 842 222
31 4490 5399 8825 7669 3198 3458 5505 5855 7740 6876 5916 8197 9142 4005 1348 413 9618 2478 5645 9011 5405 3475 9469 9887 9244 1349 2427 3833 2800 613 9807
25 5816 6304 1764 52 5402 8013 957 6418 2040 9394 2325 2827 1556 2470 6633 7829 8311 1219 7562 8730 634 2832 1399 751 9499
33 2729 9519 5082 3839 2073 3277 4438 75 3574 5971 5199 4896 9539 6346 4025 4153 1045 8487 253 4945 7382 4898 3382 3816 1206 7742 9883 1511 5265 2767 1553 7307 4825
28 1058 9965 2766 2391 4185 2660 4193 5230 7943 930 7633 1952 9755 8949 3844 5985 3244 8686 7797 2491 8844 2570 5589 8324 1861 3697 1374 6456
31 1910 8336 8906 7830 3573 6952 5701 117 4233 5727 6333 5017 4599 6845 4326 9573 4117 4107 2089 9498 515 7212 8881 4048 4141 1269 9931 4745 6723 4869 9997
30 7650 7374 1327 4507 2074 5882 9967 5241 9494 7173 5526 3345 6395 7369 1713 9069 4278 2649 5886 4876 1173 6204 9960 9515 45 703 9099 4506 1933 8063
27 3853 2139 5902 5010 8423 8413 4229 2831 9136 2354 2833 4553 4846 7962 7 3547 8822 5000 7147 8298 8245 9606 137 2085 8867 6038 7038
27 2025 1102 1680 8872 5741 249 5781 2331 9173 358 7125 9037 7342 7313 7477 5345 4840 5397 7051 9773 8209 3328 7919 8567 3266 2555 1090
26 5418 793 9302 2505 9536 6567 158 5121 873 619 596 1197 3796 2785 8843 6937 6462 5588 6805 5348 1145 6508 5814 677 4390 7142
30 167 7368 5603 700 7615 1153 1694 3907 8016 5738 2015 1064 6933 8201 5938 3943 1943 3213 4321 5460 3077 6521 7034 3446 7515 8523 8439 635 9110 9289
27 3430 2417 661 7312 3453 843 3032 6507 958 1456 3979 8990 7486 3711 4841 9881 9782 7518 88 1496 9641 2694 9097 5829 1158 6722 3473
30 8100 4529 3000 8840 8984 2778 6637 3751 3658 643 6910 6651 4298 5984 1704 7699 471 6892 1673 2450 7974 9291 71 2654 2983 2803 2596 1144 1804 7031
32 4105 9919 7701 676 6806 7492 2431 492 9921 7997 4247 9414 1530 4954 2862 3118 4803 1658 1599 6931 4911 8080 549 7496 4671 9868 9740 6887 9784 534 8718 3872
35 2523 3662 3810 7680 4508 911 6006 2246 8590 4179 6986 7514 2143 7539 3667 3835 4035 6615 7660 499 6702 5098 1543 1976 6586 7110 9336 7690 3631 297 3997 8806 4725 2720 9767
33 9823 8532 4820 1231 6750 4686 4272 6315 8555 5057 9461 5846 2783 9474 9319 2301 8852 6107 4435 6468 779 8978 1494 5019 2854 908 9065 8367 8406 9127 5553 4901 6514
29 1442 9300 7626 1549 2110 3534 290 2169 3494 4510 6987 9156 4888 370 8416 6063 9369 1616 8931 7840 2024 1307 2385 4364 9447 1858 1766 9080 8545
32 1216 5627 6106 204 3815 9590 6464 9764 3433 4530 2948 3826 199 5408 3333 3743 5654 4769 5548 3137 1104 436 7123 5326 5856 4641 8282 5841 7755 2294 7571 1274
26 9286 3059 6522 6453 2059 5775 9070 5491 9672 5040 6827 9892 3556 4636 6441 6203 6151 4918 4160 2608 7848 6769 9242 3992 2940 3162
27 3508 7883 3911 6964 382 1570 1754 9637 6758 7809 7150 5425 7862 9038 6097 1471 165 6847 2219 208 7686 1338 1088 2334 2818 1681 4460
25 6948 8032 8329 1515 5192 2774 4398 1752 985 3621 7305 409 5834 9465 8137 3636 2769 3783 3019 2612 7584 8549 4045 7396 6992
29 8476 5463 4574 9506 2371 9466 630 7845 6288 1424 5906 3566 3849 8945 5957 8005 1602 7767 3618 4168 7911 1259 3056 8355 2637 3280 2950 2463 2501
30 2394 64 716 9024 5696 9304 6275 1540 8202 4194 312 426 949 1412 8384 4652 1459 5074 360 881 3107 171 8490 9350 2568 9220 561 4950 5675 2485
33 8027 5262 184 9190 1585 816 7471 6138 6251 6261 6880 4463 1266 6626 1953 3692 3627 8184 5133 4970 5443 1638 3299 9392 8647 9033 6115 3729 7464 9966 3732 9147 9059
33 9914 2300 8243 6098 5931 8601 5786 1238 1432 7769 5636 4344 8956 4210 9287 8065 2066 5611 7206 2402 8112 7294 6891 7971 5519 1245 2880 6677 8553 3076 4357 86 9913
31 2182 737 174 1705 2044 8008 355 2663 9532 459 6826 5660 264 3371 1391 9125 4415 5539 8047 3557 9684 7543 8520 1672 1123 3360 3150 5355 590 267 7547
29 6295 2895 5415 9682 8136 9645 4703 8404 7714 8874 2390 4019 8650 2214 2646 8109 3335 7653 2866 7811 6982 77 7370 5818 7238 1782 6297 3125 2400
31 4410 7324 9905 6589 3870 8174 1633 4546 5151 1579 3014 4292 8711 3857 2595 4216 3138 2456 1270 9473 9546 2010 6762 9049 8434 5325 6917 4082 6480 8036 5630
27 9548 9950 2801 9664 4426 7678 2588 2540 7550 8674 4041 1309 8608 2029 6927 2571 5876 3132 2365 4809 6841 5274 840 8922 2305 6930 9344
29 5216 5578 8910 7815 2278 8037 161 6273 6343 6175 4402 9126 2419 4284 262 175 1480 283 5838 105 3338 7824 4372 374 7646 8915 2855 333 5197
26 9597 4243 442 6699 1079 3318 1340 7444 9894 5572 5998 3457 9878 672 1248 4787 367 2909 5400 7991 9833 4642 2573 543 6239 4543
29 6754 5411 6662 7894 6539 3877 9297 1298 8444 6853 8995 2690 627 1873 4458 7412 8428 6403 8700 1343 2082 6944 8873 8224 1751 2764 8389 8345 1913
32 4341 7223 1387 6968 1552 5527 5031 3493 4623 519 2643 4213 7727 8927 5718 3489 3206 8537 6862 1337 3236 7565 3964 1195 5845 3617 3488 5664 7096 8683 2271 1769
26 2444 9595 9269 3348 9570 7662 2377 2749 9092 6667 8830 3190 1959 7716 1942 4352 4290 6486 3165 7326 1043 8994 9412 5430 9055 646
30 3436 9954 8896 5825 1458 6437 7498 1470 4909 5494 5272 9505 5551 6838 3744 1967 8957 8348 7145 7169 63 6088 8278 966 107 3440 6740 6009 9870 3483
33 6190 6438 8113 2099 8089 2910 4935 6055 7214 1628 5535 1654 541 909 2905 9346 5340 3930 6050 503 8391 8031 8436 4518 871 5279 8235 451 8648 8554 3465 1528 3537
23 5827 6249 7570 5305 5301 9808 4711 9192 1271 5576 1980 8212 6228 7394 6999 2081 8905 7697 40 3952 5735 8421 3543
32 4694 901 9772 8794 6623 3883 6059 415 4183 5289 2477 5228 6877 9204 5083 2828 8192 1368 8403 9094 6894 7092 2282 8645 5989 8070 1170 5848 2805 2104 3974 3733
31 7938 4118 5778 9884 8633 49 4167 4044 9163 8771 4625 988 7339 9282 9535 2736 4030 3862 4220 6973 8491 702 2823 5318 3215 7928 5444 470 8814 3087 1983
27 288 8980 3164 1134 7372 5689 9141 5297 2509 2102 6207 325 9370 9632 6353 9284 1218 1603 7008 8168 3771 1414 6972 124 6408 6780 467
28 6872 8772 4537 3769 566 7330 3012 8509 574 3479 3926 2005 3867 9911 3402 6354 448 8226 3230 8615 778 8963 2689 3567 4488 7890 7784 9665
25 8346 9920 1084 9157 1285 5662 7244 773 2411 6571 8597 9564 8658 7431 8486 9383 2235 4679 950 6283 2937 6532 7573 4313 9882
34 6032 5832 4968 7055 9025 1930 76 7935 3818 7912 4926 78 3413 9547 3953 9644 1049 8976 993 4980 8427 2976 742 132 8669 9096 6741 9842 4422 5924 9707 168 6422 5033
29 5631 551 5282 5797 79 9926 3126 6889 7770 6967 1420 1244 623 147 977 7114 2624 2602 1258 8759 8451 861 8988 746 1202 9478 5853 4568 4850
25 5911 2373 7103 9166 5452 152 659 3565 6160 8447 4937 9798 6705 5586 1936 7410 9959 7564 106 7578 6621 4427 1272 3832 5498
30 7495 6435 8402 4516 8543 6865 833 1706 9523 2835 3922 4763 7502 1107 9211 1679 7121 300 9098 6752 9237 4177 2045 146 1626 6587 3643 2541 5109 1670
26 356 9561 1613 3004 6800 3718 8727 29 2768 7965 6479 603 2956 2691 2870 5667 2962 7428 4555 4289 2123 6337 366 2782 2699 4925
26 6619 608 1575 2846 6837 5335 4706 542 8067 2936 3181 2108 8085 2445 5524 6294 6033 1975 9334 8236 3040 6632 1590 279 8244 2340
26 6670 1413 6123 5815 7816 1493 1347 5101 4604 9162 4121 352 6419 9194 5514 2960 170 2777 9290 3801 6527 7640 1147 4691 8144 8746
25 7568 4090 5382 7041 9435 7316 6431 7930 9062 1608 1592 3707 6041 8743 9453 8383 1521 6079 865 421 6086 2761 5942 5767 5212
26 266 3633 2826 5240 4897 1565 3775 332 2873 8048 1675 1353 9741 8424 2205 5761 1149 7205 2890 2163 8247 3937 7579 8268 6461 5954
34 281 2526 2358 9179 780 9131 7937 8529 1389 4335 4578 6561 9310 1807 8266 6140 8631 8009 5050 6072 790 7898 9019 4481 3428 4551 3527 5523 7423 3978 1148 6779 5992 7344
30 8308 6761 8054 8757 7709 965 796 5176 556 2920 8983 1126 4990 5148 6653 7158 7013 8034 1279 1572 9405 8696 5226 463 4729 6042 6114 9802 6873 5321
30 9525 211 2263 4021 5783 3797 2967 2222 5671 8021 5842 2487 2614 6287 8115 458 1196 9608 1969 1906 2578 9013 1968 1516 2476 3759 6417 5919 5711 9407
34 9898 852 2351 4334 8973 3951 457 1128 2982 1640 2071 8629 1698 2814 8605 3762 4472 6517 5852 1040 7025 3822 2497 4995 8040 1140 9240 9417 8160 4878 1080 7925 1184 9970
31 5232 555 839 2543 8496 1203 9988 8837 8679 480 5591 7422 3131 8928 9387 3449 7500 2674 4188 4676 2496 6854 11 1888 6056 9821 7594 7707 1843 8239 8668
27 4453 3169 1034 219 200 5428 535 3425 9652 4064 1647 3188 9695 8398 6978 1798 721 9312 4667 3385 777 4736 4280 8158 3490 7932 1987
32 3358 7331 1909 5453 4327 5108 3194 373 3903 8256 4884 2911 792 9115 8516 4455 6879 8560 9429 4389 3438 2839 2330 3323 299 7383 6401 8333 3033 7711 8453 5169
30 9482 8471 6493 4155 9998 9721 4010 1923 3874 6747 3284 8412 1109 8907 1904 824 7939 971 4931 2727 8422 8104 2465 2241 2830 4432 2285 4310 3116 9616
27 7521 6957 4099 3078 9016 100 3296 5294 7537 2787 1030 5555 5075 8430 6374 7525 3532 5517 5091 898 6501 6339 9699 6790 8953 1082 3798
34 351 4414 3416 7917 758 6812 395 245 6844 8039 7559 81 3364 9834 90 4259 2221 4624 2813 3764 1113 3247 5707 285 2336 1644 4209 5608 4988 8912 6242 1864 5647 263
33 4819 6673 1625 317 618 7023 3170 9488 3021 752 3294 4821 418 284 6109 4332 7792 3635 1848 6682 4466 6018 1537 5012 1163 9803 6949 6829 8161 9534 8292 2145 6759
24 8534 6213 5284 2009 6840 6155 4678 9930 5613 3812 7505 7099 8924 5168 6024 5175 5606 1723 9574 7850 1896 5062 2919 2114
31 1073 7322 7168 2771 4775 7805 6012 1392 7354 1513 3149 9083 7688 3136 385 4049 6698 6590 7352 8583 8745 7269 8022 2134 3133 510 4960 3434 3282 4730 9814
35 5629 6152 6815 9423 5332 8323 4201 657 5100 7004 5264 5610 6503 7532 2723 2985 6996 3158 1339 5391 6375 8731 3177 3894 523 2739 6655 9854 182 48 7124 9897 9313 7519 8128
26 947 5936 1290 2019 3766 1156 1252 1328 983 585 4899 2821 2981 9647 712 4779 7483 1367 9599 9249 8210 339 3878 7801 5376 6766
30 2623 4956 4270 8459 3377 1972 1563 2384 7419 597 8018 2152 3628 2057 2533 7375 2412 7421 9622 5614 7810 275 9457 2908 5884 1664 6558 6936 3623 2779
24 7065 4815 5583 5476 7950 5363 6365 4443 4767 5104 6624 3286 5278 4430 9143 6874 7837 4197 425 593 7445 1091 1569 9896
31 6506 3509 5099 768 862 943 2989 4934 9124 626 3399 8967 2503 5905 6258 7617 2065 1844 1986 7604 3009 7039 8594 1869 5247 3103 2188 8431 8620 9509 4661
28 5685 243 41 9856 6701 9029 8004 2207 5592 9432 3892 5912 6371 8175 1117 4973 7776 3887 278 4559 4224 6941 371 1336 3041 6329 1438 8808
25 4632 2087 7230 6690 8788 5047 6197 7188 4682 8390 1641 3646 582 899 5579 4073 9621 6685 9031 1657 3161 4619 707 3411 6448
28 8626 420 9335 7605 978 4558 7567 468 6650 2161 7827 1314 3541 6360 4805 1915 3329 7586 8305 6469 5835 6376 8170 4380 1876 8893 5333 4169
30 1756 4442 6573 1648 1180 987 6516 2000 5746 3738 3297 5996 715 7757 6484 6711 8207 1039 9228 3612 1267 8259 7625 2952 601 9077 5840 3309 9832 6243
28 8218 553 8792 2747 3714 776 8632 1042 7157 129 3910 2811 4101 4969 7814 5421 4113 8304 6746 5022 2247 6004 2659 7266 1990 8498 9298 1995
27 1261 17 1436 9078 9935 2863 1994 6717 848 7063 6474 346 9114 1404 5316 1820 1687 7655 154 2638 3654 9294 3722 5118 6579 6002 6089
27 4594 1788 1428 148 855 3018 3758 6254 5874 6170 4125 2405 9563 9544 4038 9851 5733 2359 744 2731 2515 8992 2103 9191 795 5758 3250
34 5359 2719 5506 2047 9471 7897 5988 1594 2758 1739 4031 7463 1136 2320 4050 4499 5300 259 1612 1495 1774 8159 1124 4786 1512 350 2728 5055 4136 545 8388 9815 4330 5136
33 7553 8095 1249 1859 5477 7715 579 2148 5521 7585 4218 7167 7839 2881 271 5310 5844 2048 2932 8611 4929 4836 6344 5455 6529 1879 6595 345 2670 1707 7710 719 6262
24 9327 66 3424 851 8541 9138 2434 5881 3463 4731 7084 6645 3755 3191 1794 693 5768 9063 6946 572 2409 5235 8258 784
27 9214 7046 6697 687 7739 2036 4589 9694 5601 6037 8445 3332 7904 1324 8904 8841 2706 9042 5760 7747 5466 3112 3006 3270 8306 404 7076
31 7362 8462 1229 4071 4616 1619 1023 8172 7257 4504 4798 3860 9317 3585 3208 9759 2705 6822 4621 7641 6014 5726 7491 5423 6386 179 5958 7161 4743 4092 9986
31 7533 5196 6696 6270 1811 8296 6238 4771 4833 2844 9014 6331 7940 1310 2197 9592 3814 8528 5628 7043 5566 5847 7975 7493 6487 1842 9359 8989 9145 5544 7036
25 8577 1380 8142 2562 2931 9218 7522 4890 9437 1678 7608 3965 293 233 9367 9420 3468 8493 8468 3669 897 6860 1257 2639 1950
25 7310 3127 5122 7560 8246 4512 6396 6871 6804 9566 3420 5026 8883 2628 8753 4159 6268 2125 2532 5699 5937 2328 3784 2166 2822
25 2874 8152 9176 8651 6757 3228 6011 6630 9588 3808 9593 7185 6133 7113 4400 2865 8723 134 6001 4981 2250 6253 2457 8495 6200
34 516 104 5987 6534 1217 9791 5134 7010 9434 5380 292 9605 8890 6081 2132 2459 5464 2848 4941 8736 1883 3011 6454 2306 2834 7915 1177 9073 1509 3175 9373 5483 7392 8694
25 2453 469 4029 750 270 7301 9955 4858 2286 9076 5888 5435 3201 3614 706 206 4648 4872 4843 9153 136 4522 2851 8914 5522
32 6338 1415 7349 9353 2786 498 1228 998 5092 237 9698 2951 8702 3793 5251 369 9728 4770 2253 4033 4865 2204 5757 1498 3653 3172 4545 1929 4823 2256 9010 7233
33 4123 224 8044 6909 2488 4241 1701 9953 1386 2575 1329 190 9502 5804 4617 6421 8550 9100 9356 6352 2594 7334 7203 3251 5903 7791 4575 7415 5447 3975 536 7812 8697
34 5292 1996 2498 8350 1874 3470 9776 8120 3331 69 6960 2929 4885 8664 4838 2858 2607 1831 1761 870 5626 986 3261 806 2732 5281 3657 37 1710 5590 4698 4645 2906 1746
34 5045 3548 6157 58 5812 5966 800 9638 7872 8254 5619 951 2927 9857 9745 9084 6811 8006 4419 5035 3380 8297 445 9800 3292 6771 4692 5773 2043 2688 6929 6311 1379 2061
30 3397 4222 818 434 9871 5179 5 6076 1963 9774 2407 1758 2554 6184 2627 5313 5503 6172 6724 8400 6742 8058 586 7239 3825 4758 1487 9425 2357 8033
31 6159 7687 3746 5688 7903 2265 6569 6666 3670 7381 8283 6224 4346 172 2964 6269 7548 3962 6919 1150 817 4403 6629 4255 2461 7275 5546 3895 5922 7018 4949
28 5513 7490 1614 5961 483 4992 2662 673 3863 7089 9653 4524 3561 3389 5737 3151 5218 6523 6181 94 4871 864 9128 5983 8272 8461 4659 9041
28 4307 7597 9095 8318 578 3303 4614 2311 9067 7892 261 9366 2189 8811 4699 6043 6407 6452 215 7512 2230 4958 5395 8248 3376 9270 8756 3212
26 2382 3060 8440 3821 4433 3279 8578 1406 51 837 4404 7476 788 2494 8903 4279 2458 7658 9805 3222 3996 8187 5923 1839 5142 5303
25 9381 8728 9937 5571 9170 9354 138 5073 6187 667 9651 7959 8460 2692 9969 3321 9692 1013 9567 8598 5877 984 9945 5288 8107
33 1598 622 1450 2228 2847 9428 111 2841 2990 9122 416 4535 5490 9480 5930 1630 4747 9451 5440 2378 3571 2332 695 1069 1047 7367 5661 6226 3984 4091 1954 2559 3305
28 8878 6708 3855 5184 928 1786 9265 1063 8263 5131 3607 6380 2141 412 4848 2233 663 1419 5638 825 10 7461 1856 2489 6201 6276 7552 4162
30 2260 4940 2883 7869 9627 7609 8429 4336 6676 1114 2679 8512 1716 1085 9560 1161 8919 8053 4128 9036 4475 7250 7758 1378 8069 1457 9396 1682 1738 2076
27 7064 8996 9514 5185 5808 1067 989 8815 6639 8167 8270 5510 1214 7886 8869 2420 3540 5712 5189 2035 3602 1385 2324 7622 9619 2295 4719
25 2930 1700 9635 7424 4412 9558 3789 6974 4057 8260 9553 7135 9266 822 6348 6391 62 4459 3469 9938 6836 3257 6047 3938 2829
27 5854 7931 7870 3503 1164 4560 2261 7618 1578 4527 251 9338 1469 7884 4650 884 6007 5493 9793 5009 874 109 2968 4993 9424 5293 2763
28 6932 5285 4383 7566 3544 5595 3868 9450 5458 4502 9718 2069 3680 2269 8685 1993 720 571 7174 4473 981 506 7256 2566 4251 754 501 9273
27 743 9411 7888 8026 5203 4482 3500 6659 7116 2315 7402 9789 9186 8101 4448 2959 9402 5833 8812 642 3976 8911 2464 1554 2490 5800 490
24 3320 3507 3252 2537 3958 2681 5096 3981 9549 4683 675 8575 3706 4360 9648 6511 7507 1305 3528 7219 5791 9093 1573 7204
26 701 6019 2668 2743 7028 1018 3337 6182 8665 8179 6801 4451 7748 5156 8998 2264 7793 3756 3807 8715 234 5409 9181 449 976 7258
26 213 8409 5426 8672 2296 7918 1302 1719 6893 7255 6965 8638 1991 7593 1907 5357 1840 7619 14 7825 2710 6180 3650 5431 8090 7228
28 315 1711 8075 8191 9749 1441 1375 1508 8295 9399 2680 9716 4424 3828 5668 3487 2406 6641 9264 9679 2644 4810 937 8517 7109 7189 5656 4054
25 636 1352 4340 2212 4106 6852 9859 6631 3115 5238 4157 3593 4206 6575 7400 7730 1618 3596 8916 7062 7447 2393 9725 9034 4712
29 8845 1841 1478 512 3334 2289 7601 5070 8562 2008 4793 9107 4315 7900 4654 5163 1165 2423 8739 3581 592 2913 102 7920 5126 1683 7632 6105 2529
26 7956 6409 736 617 446 5417 6281 7879 8408 9916 4735 443 7386 8547 6684 1526 341 1167 7599 3295 8508 1157 4024 4266 3260 4847
29 6556 4782 5964 9393 3794 1652 2613 2751 8952 9205 577 3724 8579 2631 9556 7118 8618 5558 4985 8797 3265 5765 3843 6554 9185 2191 9744 6776 9496
31 1902 3572 511 4240 364 4727 2482 5698 3204 7806 7712 1499 5907 6789 9524 5442 1927 3022 2027 1951 5697 9022 4700 196 2888 8767 2577 5481 3064 5650 7024
26 4752 3727 3130 3728 2542 5266 2080 9951 3256 666 195 3695 9577 2714 9403 5549 9709 3484 4281 9742 2224 6688 3831 868 1795 2374
30 5280 3122 7994 5398 3933 6560 1241 2955 8045 4369 1388 907 607 1571 5963 1095 3020 3372 895 4408 4304 7457 6609 7944 6842 8950 3339 2943 5222 5140
25 9796 3272 9862 6045 8062 1306 2600 4051 1053 3387 4319 9827 5574 7612 3361 2772 7760 1227 6260 717 9924 9274 8492 6548 3218
25 9043 1407 4828 5713 3322 169 4603 7629 298 3511 5622 6364 9817 1057 1962 4004 6398 8589 4835 9932 1440 4211 3160 5269 5947
30 4173 7006 8341 3625 447 8677 4253 1806 411 2563 1792 1015 1275 1851 417 7297 2155 8382 5702 5612 2512 6547 489 3220 8606 7252 5320 2345 6463 2186
28 7100 6751 4017 5637 4684 8052 9530 6131 7346 1226 8001 8787 7232 7906 6983 8190 2437 8489 1481 6918 1833 3098 6813 7075 4040 3961 9655 2473
26 569 916 3316 7153 5438 4628 3200 3787 2700 5978 1409 3829 5561 7332 7987 4979 6870 5327 7645 6188 7315 8438 6969 3506 1092 9159
29 8380 9331 2329 9786 3422 7513 616 2922 8251 670 1099 3580 3046 8216 787 8795 9314 4401 1118 2849 3529 5258 5023 9039 2760 9895 8118 9533 2620
25 4564 2564 4042 1356 1225 8284 2039 6234 5959 1920 6832 390 7395 4714 518 2187 8870 7049 4852 8229 7160 191 6113 2220 7411
31 568 7056 3686 9654 2590 1311 5465 97 6052 1801 6729 5581 8858 1725 326 558 3015 5484 1021 228 4120 2185 1322 2713 1941 7261 3698 5890 6745 3550 2227
24 92 4695 4566 559 8373 310 6053 6132 7482 1677 2062 9700 8410 982 7296 19 1016 5445 1155 2730 6951 1232 5946 7859
33 9377 699 7417 725 6377 1477 3960 7350 192 5704 760 6943 6816 821 6345 4116 1426 5268 2507 2630 3460 7969 2601 5358 8585 2268 1096 3803 2386 4379 2397 8290 3634
32 692 9251 1081 5652 563 9355 7178 9526 3856 9040 1473 6809 4921 5655 6214 2 9361 1055 9639 5414 2316 9844 7358 3562 734 9120 23 946 38 4705 5695 4804
25 5956 8900 9656 6256 7279 8014 4214 4583 682 7141 9886 3013 2625 7961 9780 4385 2203 4829 5043 9221 1623 8072 9956 2678 9196
27 1357 8798 649 8140 9454 6778 8776 1645 1560 8524 9667 5691 5974 7246 56 2604 8966 5709 8326 2884 143 8521 5480 5015 554 274 6093
25 464 6145 8810 1727 2757 3186 1171 4505 5107 747 5653 9689 3675 2086 7384 4668 7844 8257 8675 314 8057 4789 7144 8343 7966
33 9103 2439 5587 380 3761 1051 2201 5747 7540 3258 9578 1190 9015 8277 2954 2133 36 918 4740 9111 7875 4768 4498 5030 5892 8344 3854 9831 4339 4399 3168 3227 9174
25 9200 1050 4697 258 3709 9206 141 5344 4591 1770 9852 7726 2530 2480 6327 4187 4739 6457 4964 5157 4361 6885 6808 4744 3058
32 3178 2449 5813 9601 8059 2055 6223 5190 3905 5006 3267 9948 6922 5530 5448 1891 5067 5039 2857 2945 4001 1823 6627 1748 5933 3408 9260 9123 2640 2861 2274 4523
28 7682 7835 4393 9081 1803 7182 9082 7285 8566 6499 3091 9994 3353 6156 1286 4405 1033 5105 656 4863 6101 8660 6628 877 4626 9804 3950 1690
25 791 3851 6146 4147 7528 342 8091 5953 3672 919 1116 6695 3742 1775 1656 5686 2683 7922 9315 3143 7700 5407 4250 2327 9281
35 5275 6080 7820 4439 730 1886 5307 1776 6183 6387 2430 5666 2014 936 2078 2084 4800 2181 4781 5537 5787 2142 4496 5237 5032 952 392 5830 481 8592 5224 7335 8568 2254 95
30 5054 3002 7363 5470 7401 2716 4946 322 9758 487 9068 6173 4347 6640 973 9129 1183 8147 2150 7281 9757 6259 1097 6426 932 6355 1131 7472 9876 722
27 5276 4732 5803 1129 3276 9188 3626 8667 7451 7430 2619 4570 9132 4633 9628 4447 7535 6530 4239 2733 2611 6896 6481 5885 4257 9528 9933
26 1629 6971 4343 5485 4207 2211 8265 3924 460 1447 6764 2977 959 2676 3599 1207 990 5960 6413 4387 6915 6882 6483 1401 1012 6161
25 1624 5496 2366 4016 1631 1243 7575 6174 9169 573 2671 5127 9235 8228 8829 7360 5457 2213 2124 1793 4959 8637 7292 9690 6988
25 7854 5259 6989 6990 9416 4660 2589 5434 6582 130 2064 9765 3901 8255 5182 8366 5441 9271 5406 6317 2156 3219 2242 3836 6694
35 624 6578 9219 2067 8225 3948 110 7329 9660 8215 1236 7670 9543 157 3249 7242 7225 8913 5807 1728 9671 5385 4203 2957 6328 9917 6566 1895 3881 5207 3757 8997 3616 9198 1622
27 3300 7708 2850 2147 7581 2520 7675 1086 4431 8425 6730 6664 1492 7986 863 5763 5381 8220 2435 9105 6620 9436 6117 7197 5024 1721 628
31 2975 8682 689 5390 2210 4356 74 5389 4963 3233 637 2158 3521 4098 2845 4299 8923 6423 3414 8644 6090 2168 3083 3379 1224 3285 4873 9867 5550 1486 4006
25 2135 1341 4608 1899 6478 7303 9440 5920 3788 5722 8888 4122 9401 3760 9511 6035 5206 217 9243 4 118 4513 70 520 5223
25 4083 6221 321 3993 6938 362 7967 4677 140 1278 9091 2287 176 4353 5270 2091 1555 2053 4726 5719 575 1300 7958 9995 5658
29 6916 9792 2232 3645 6198 6436 3095 311 4095 3097 9391 72 6635 1125 476 4262 344 4495 5665 375 5060 4467 4849 1610 5599 4971 3754 6094 1771
24 6513 6657 5750 5130 9974 546 733 835 3427 694 4328 8281 3640 8657 3586 5383 803 9415 2504 7818 5646 4807 5976 2215
25 8642 8749 8744 514 7821 905 6142 4204 1333 4584 3134 7556 6285 1002 7469 3770 9372 4986 9604 3942 6318 7265 5011 3202 1988
25 832 9448 9161 9486 609 4862 7011 5331 3092 2479 7672 9557 7015 5529 4198 7881 4192 5372 9733 1319 6424 1564 5113 4715 3536
33 3234 5195 528 7783 3569 4170 1027 6074 7834 8038 155 5819 5828 8028 4225 5802 4081 2031 8314 6202 7724 4480 6084 9234 400 357 6103 4999 5260 5353 3111 8580 8898
33 1078 1978 1166 5420 8275 3482 5365 6027 8617 6250 4540 4371 6293 6712 3913 6884 3183 1893 3491 9418 524 1693 6726 6610 6029 7908 1031 1607 9810 7389 5323 3497 2536
24 5533 8624 9847 8193 6900 2712 9008 5929 8522 8250 1263 99 7531 2361 8513 7348 8437 6191 2684 5570 444 5509 741 2093
32 2702 8859 6310 3154 888 2538 89 1772 6770 4957 5193 2687 5034 1815 6163 3691 6306 2518 3932 2333 9445 4547 3330 6085 9975 2229 7577 4526 2259 5723 8480 7377
24 811 3263 4020 2234 3074 903 1523 2904 2971 9116 7873 8365 7473 1256 4895 7983 3017 7299 8154 3312 7098 7614 3001 6372
25 4075 4943 2375 3684 1169 2934 3994 3940 7631 1938 6735 529 1668 6565 9835 2875 1551 9720 6091 9459 9936 13 7831 6767 9146
27 5198 9467 3608 2245 6324 359 8219 496 3481 2469 8203 3694 2070 4830 1531 8930 3390 1303 6794 2041 8609 5166 1260 8662 8760 6520 2921
27 5029 9222 4226 1802 1066 8030 3123 5225 7388 9479 127 3326 4150 6634 1139 2368 12 3365 8208 236 4409 7973 8479 3459 5076 9846 4329
29 610 7450 8310 4137 1742 921 9468 2194 6563 8262 5371 5159 8820 6689 9376 5065 2912 5684 1835 8850 5253 2997 944 3052 2715 2244 7722 8710 4514
26 5676 5568 799 9318 2871 1948 668 4109 6303 8132 1914 6412 1120 7171 7536 9952 6738 3595 6993 9362 8064 8319 4129 2144 2398 6125
28 9333 3464 7656 2370 7459 4802 3099 3791 3036 6528 935 7695 6612 9139 8280 430 3451 2012 8724 5473 7453 1358 9797 9441 6849 8354 7952 1168
31 8330 8573 7676 4860 8102 683 7081 4612 8313 7775 2508 7499 2583 7511 7027 3081 7941 2404 8699 9248 9203 7749 4462 3564 8454 1346 8162 6672 9119 8094 9476
30 7750 7598 1194 9587 9520 969 5565 9151 1221 8 9623 4720 2586 8488 6749 2126 9332 4065 1463 9787 611 6940 5948 6888 2653 2193 2369 6709 1276 1541
30 1032 5678 4074 2737 1262 771 3367 5375 3406 2837 3740 6925 4627 2593 3896 9052 5680 6642 2682 731 6593 9140 4761 3199 4681 1 9027 4799 1004 7907
26 2337 6923 3210 4724 4386 6954 3753 398 8477 665 3959 6644 8857 7190 7948 8371 7040 8831 4271 3466 4733 1371 7460 1757 3119 8401
27 2891 6606 465 6509 9669 5449 4662 7361 3777 1522 931 1750 7304 4721 3563 2759 9726 2058 6518 3871 9825 8116 4014 113 1685 5564 6241
32 9673 3750 5928 8340 3053 388 440 164 584 6979 1940 9586 5492 7705 2798 6680 2610 7184 1159 7079 9215 648 9836 1122 1489 7781 9552 1688 8538 2225 1635 5341
34 4533 2524 6325 8834 4308 4338 5013 1121 7583 8733 5839 9947 6783 6467 2017 6564 3108 1482 9732 7104 8619 8676 583 4478 5143 3813 8875 2557 7154 9175 9778 6654 5056 1715
26 3671 6866 2290 2928 8234 7751 4874 7208 1010 5486 2466 5114 5456 6078 9889 3044 1054 6911 2754 5547 5048 3010 4231 2075 286 6942
27 3045 6415 6252 9328 9512 8793 7526 5720 5507 8991 3273 4140 252 9781 8342 7996 7047 1966 1281 3039 1588 4790 1443 7644 6541 5018 7426
24 883 8464 3882 9858 405 5061 4223 6119 9278 2236 126 1172 6171 7703 8604 560 5174 7838 2539 8774 5949 8627 8832 3995
35 8339 4776 1154 9711 4112 7774 6935 4337 2455 7782 1280 8166 9241 7398 9928 1071 8964 1532 4827 6320 6500 7413 1179 8186 2196 7133 1744 6588 8671 7979 876 567 2606 2258 2651
26 9551 6443 1730 5021 7681 4889 6230 1699 9054 5789 2746 6781 9458 7744 9165 2665 4018 2901 880 7993 2111 9449 4230 7590 7340 5267
24 5201 7591 1533 3516 7520 781 7218 859 3354 3765 9263 3101 5164 8003 5745 5213 8581 9001 2051 2770 3809 3931 9061 6111
29 6774 5116 4785 6126 7437 5594 8889 3024 2136 4942 6070 7247 5215 5769 7927 6477 2527 2038 2812 3726 185 7180 1028 7494 7162 9308 2159 7603 6803
34 8497 2742 4355 2893 8264 8458 8918 8122 3587 7042 3120 2556 4342 2867 3613 8551 4618 5419 3795 1586 6095 232 2999 7295 8185 1468 8396 7689 2615 3166 6959 8012 197 3748
26 3624 2096 9729 1621 5869 3066 8929 1514 3068 5563 6 9030 9569 9737 3925 6570 6550 1524 4755 6559 452 377 4562 2441 6292 4286
25 8485 6284 5306 7179 7582 3140 8000 853 1175 4175 4556 9475 2513 4544 2344 3211 4325 2098 368 5037 9020 785 453 3558 6732
25 7998 202 9962 5231 7243 5980 2243 708 8467 7222 4493 757 9943 8970 9497 5378 698 7408 3308 540 433 9738 8531 1052 3717
31 473 8937 5245 7436 2034 2011 6823 4622 4701 8940 3456 723 7083 4000 4953 2686 6128 6442 391 5677 1422 6843 4704 4837 2146 5229 4910 886 6341 7264 4324
32 466 9762 87 8252 9811 9650 9555 6313 2725 5362 3239 8582 7667 7823 9275 5740 7588 810 1321 1325 241 4100 7318 1315 4469 4509 9676 9820 828 6926 3432 525
28 1797 9972 5754 6267 1731 3224 3243 4998 4189 230 2004 7102 9779 7611 3304 3538 1928 7677 4565 1434 6533 5210 1642 8925 5165 2815 7808 6883
23 974 941 1342 1007 2780 7654 497 595 5467 9537 3085 9172 1836 3086 8299 8025 5352 4205 8519 4184 1423 4244 5785
25 8222 9582 5087 1490 6679 5078 1074 1854 6608 1427 6416 1318 7432 5451 8564 5806 4359 5416 9658 3776 432 5277 8764 2718 5663
33 3909 4764 5027 7836 5356 2641 7108 4461 3576 6618 407 6825 9806 6734 920 3845 9853 7385 9121 122 3196 1527 3441 3423 8801 4613 7308 1455 5859 2724 3859 9927 4951
33 8302 6603 7895 7752 7737 5299 4814 8548 8784 9280 423 1364 5150 841 638 3355 3639 2418 8261 1317 3745 5003 5147 5968 6956 9443 3462 2752 3912 32 5217 6282 227
26 6471 7194 7251 9371 3741 9675 8507 834 9252 3656 1182 5080 5066 9973 9843 4103 8917 2319 323 7990 7405 485 1446 1466 3409 3435
25 2902 6526 260 6947 7485 5817 6551 6706 7455 3080 4688 4436 7902 9583 1825 8975 2799 2914 6102 605 7078 5831 22 4260 4378
26 9309 1779 7191 7878 517 1247 2486 917 8231 9701 7589 7765 4811 3876 8188 2180 1112 210 6015 5119 8783 7365 8692 3522 1649 7229
31 3891 9026 9540 1505 9178 3842 6316 3346 7164 8823 1020 783 1191 9021 8470 5891 1094 1561 7468 2592 8238 8478 3071 3583 5187 6897 5900 4592 5792 6818 6524
27 3655 5257 3007 3553 3535 180 5573 7478 225 7666 9824 4199 8979 8773 4738 4110 6340 3555 3704 4571 3665 8051 1999 6003 5981 8734 9340
29 4309 7790 7600 9102 8977 3873 1188 6044 2784 9484 7097 9875 7070 3806 2545 7273 3148 4114 4693 9074 6350 7866 4351 7561 3306 1452 764 7309 4928
28 9715 4079 604 1435 7149 8835 2288 439 35 5982 4429 7441 688 9923 1518 5643 7636 73 4772 2587 4127 2338 774 8105 6602 8985 2744 7874
26 4258 7007 8762 4515 4907 5046 6833 6905 910 1676 3606 6786 9495 5446 254 5925 3031 5694 4989 6444 2986 7016 927 9585 2859 5780
27 8643 256 8955 5350 7602 3231 9438 6904 4476 6199 8386 3781 763 2208 801 678 2177 7429 2510 1506 2493 2836 7957 9227 5580 8141 2231
29 8816 4881 9236 5577 6110 9324 7595 2991 5422 335 6924 7291 6351 2192 5739 2218 187 5153 24 1304 2794 9089 980 2408 7186 4765 7580 1119 9702
26 2309 235 3057 1566 4012 9893 632 3410 135 4275 8599 9661 3235 5910 9199 7861 9801 3072 2642 4891 6963 3619 276 193 3632 1781
34 3029 8363 1396 4675 8769 1849 7863 1534 2886 6572 844 1369 6196 4500 3934 1294 166 644 4406 647 7497 5337 1431 9182 8533 9730 3363 1824 9890 9500 8349 4086 3605 2248
24 5361 6819 889 8405 5895 85 4428 3641 6981 2105 8106 690 3255 8286 4080 5319 4842 7684 8751 1362 1860 328 7798 7743
28 5715 6277 5618 1377 7366 80 8789 9299 8312 8894 6617 2652 5864 6886 5796 7860 6681 3106 857 2206 5351 5152 6137 2808 1646 6895 9541 2923
25 2776 6858 7086 6167 9171 3405 4288 2658 3327 5324 697 3288 7720 9066 7789 4138 8741 1650 4394 5177 900 5597 6205 3093 769
30 1046 5053 3512 9365 3916 9101 8015 8703 3923 9472 1429 6683 4381 2353 4180 8693 4967 8527 1597 2693 5204 2262 2889 6715 6065 3100 3471 7071 6553 1921
23 6976 9790 6906 7221 3615 9032 8942 84 854 9357 9598 1574 4554 438 4511 8909 343 9483 2302 6384 1593 8897 306
26 7425 1718 2410 6583 114 5632 4440 8714 2190 9378 3139 6177 8117 5710 4485 9980 2462 9600 4557 6272 4063 4649 9238 5753 1790 4441
24 4182 9374 1009 9035 2388 7508 4917 5077 8149 5635 6139 6549 4331 494 8891 8199 2789 1418 9398 7416 2672 7501 8848 8019
27 3452 9545 7976 552 6492 2528 5731 2970 8153 7282 2938 4227 3987 26 1964 2451 9160 2569 5007 1542 5673 1264 486 7286 6868 1273 6212
27 4013 4520 8332 6663 9341 1453 3900 5499 4358 652 9941 3752 462 4532 5743 9944 4047 5410 431 8293 6792 1973 5875 6710 7663 9863 2438
29 9877 3034 9108 3560 1504 2987 9347 6021 1510 3386 3293 8748 4718 3480 7111 2049 7668 4794 5788 9079 1301 8452 7484 2635 6404 8827 7893 1230 3419
31 1845 5304 2342 6231 3879 6432 1160 8614 8546 770 9907 745 1143 9490 2820 9045 9703 671 7278 9213 18 5784 9343 8505 3359 6390 7489 8155 2917 2097 2941
25 8948 6760 2335 9724 2506 3687 9899 2581 3702 1881 8253 7506 8556 1381 6594 116 1568 6367 6162 8325 782 2173 3016 4839 5836
29 2907 3055 2949 5085 7026 4984 4154 2565 3591 2026 6411 4345 1760 8902 6218 6385 1889 9942 8851 3929 1916 3144 6397 472 9481 945 2165 8419 329
27 188 7891 2426 6245 8817 7576 1850 1460 2795 8636 4370 3336 5508 4965 7058 9609 7627 1863 120 4525 3830 2109 1491 557 4588 3388 2819
30 6600 4607 5909 641 5244 6393 9231 9323 4996 3415 9352 3649 5141 3495 6991 119 1737 4450 645 3477 2580 940 4552 4367 6576 5624 54 9879 2117 4517
27 9018 4577 1689 505 5634 882 9189 2293 8098 1763 3203 8652 9444 5557 8802 3290 8971 4879 1187 3443 9075 9869 1024 5683 5246 8361 2531
28 9462 7788 6108 8081 660 1665 7115 2003 502 7794 7080 1297 7216 9611 4151 9422 9752 4586 2816 7231 131 6321 2131 8607 9763 9197 6656 3289
29 5867 6008 9769 5795 2033 1609 5532 3594 1982 9342 6314 8233 8663 9217 7773 7828 8123 6997 9382 3648 5721 7087 1791 8612 6861 9460 2548 3719 2175
30 6433 4944 9 2942 5135 4689 5559 3278 1268 8077 2525 7683 8506 1734 6362 3325 6658 726 7871 2519 2415 4068 5038 7130 5851 2138 3885 906 3 4477
27 4145 1639 8804 1006 2632 6625 5995 5657 2807 4202 4773 3205 5290 9060 5209 1072 9364 8854 2094 9305 4489 6856 1567 1695 348 5128 9957
30 4297 4305 9408 57 6026 7949 5810 532 761 5450 6266 4534 767 530 8043 5962 9922 5183 159 6265 6286 4468 2471 4234 2748 9048 9612 8499 1722 8588
29 6246 282 3800 6279 1611 3610 7434 4143 869 7735 5041 4306 9982 8838 2899 4163 2178 6597 5952 2517 2303 7929 4066 3720 7766 7989 7698 7371 6034
30 5386 8877 2217 5014 5064 2291 5071 3283 6373 4348 39 4070 1445 5927 4795 6092 1351 3225 2113 8800 4916 9330 2677 1299 4007 7466 9501 4165 139 9554
27 4647 2916 4375 8139 1312 820 1591 2791 9999 2988 4938 1044 1462 3096 308 9826 6356 3716 5894 8374 6546 6358 5459 6728 8630 4601 2804
27 756 8666 4215 7980 7060 8289 6359 318 7778 7661 6410 7554 8183 8221 320 2926 2121 8935 5914 7759 5202 9413 4906 9477 6693 4501 5756
34 3242 121 2442 4293 7319 827 4283 8968 9307 9981 5774 3980 968 8042 9232 2356 3554 4316 8639 4748 6370 4494 1077 2876 2028 2617 7057 316 6970 9799 4966 933 9783 8863
28 9708 7094 25 20 6669 313 4300 2016 9085 3197 6264 7745 4139 1745 6237 2669 5901 2122 6716 923 6236 728 1035 4646 4991 331 7638 6217
32 8500 1747 7336 1162 4142 5849 8300 5897 5826 4274 15 3970 101 7284 7843 2860 7546 406 8334 3474 1548 277 2735 5681 5160 3664 2367 9607 5263 3035 3999 6581
33 9748 9562 600 6525 9250 2116 1562 5955 4886 8936 2974 8443 5317 2514 6857 5944 4252 103 3393 2552 1403 6068 1903 710 8414 4707 8986 7448 8079 812 3311 5926 7880
27 9225 3600 3906 9996 9640 714 4541 6649 845 6459 8050 3350 1872 484 3700 1796 2963 8171 1484 8211 704 6176 7209 939 2582 2056 9976
30 5436 9688 2395 9493 9195 1674 3545 7673 8775 9268 8463 8846 606 7555 7035 8552 8712 5364 5893 2969 2226 6491 5790 4824 6744 7852 8011 7529 1070 7029
27 2953 954 6215 8232 4200 96 8393 2298 9255 1366 9571 6830 2704 6274 1350 1855 6961 8127 1383 8502 4156 1093 7624 1246 7073 8659 5366
26 8707 3530 979 6379 7333 4710 9756 3105 6186 2279 9386 7504 3767 9112 3027 1026 7404 3439 4561 7337 1632 5154 7176 1882 9710 8705
30 8110 6646 2021 1326 5950 7651 354 1666 3637 5404 3734 6763 495 309 1653 1733 9686 7610 1732 2299 961 7030 7846 216 9591 2522 3629 1617 6060 3207
26 207 6542 2120 9819 5139 4269 8068 7245 5462 2118 831 4242 6135 3518 8240 5347 4651 2598 4672 4861 2872 8309 7901 2788 7387 6703
31 5412 6691 1898 7379 7200 5314 2885 4531 7822 9464 8899 9246 6607 6244 5889 9866 9746 6227 6585 8097 4760 4069 4975 2416 4015 6890 9005 4813 2310 9993 209
29 1702 7327 3275 8474 5052 504 1308 7155 1866 2972 3369 4374 2403 6962 8613 4702 7780 6671 7044 9337 934 7077 4997 4238 7181 9177 8885 3193 3392
33 1019 1577 5084 9193 5111 4423 8691 1767 5862 5518 7321 4456 564 6814 614 8721 7936 8853 4982 2321 6908 8779 9666 9687 2483 7226 7977 6185 727 280 2939 4263 6851
33 1003 9028 1691 47 9295 9358 269 1254 8029 1946 5482 7134 9542 3067 2897 437 5349 8108 3437 2636 5734 1467 1584 1384 1251 8086 994 2322 7399 9296 6023 6030 5069
35 7359 598 1853 4115 98 2980 3864 2664 3539 257 5779 1372 4077 3505 265 5596 2421 4479 1087 9047 8510 4778 6309 2840 5155 3972 9400 273 9390 5693 819 5751 1065 5374 5525
30 8879 3253 3802 7545 5254 5214 5117 149 2347 631 8999 3498 4596 6067 4384 581 9788 7606 4629 8378 2255 4834 896 7152 8092 8610 2701 5990 5474 6255
35 4474 797 9311 1359 9918 7964 5403 5500 2869 9201 4089 5028 3237 2252 2605 7988 4983 4877 5993 5898 6335 4445 4832 2277 8353 3264 4685 3524 2284 3780 6878 8131 7803 1111 1720
33 9704 5531 2292 1061 1749 3352 6648 766 1729 4753 6913 393 4595 8494 1283 9909 6143 9439 2958 1924 8046 6121 1320 7596 6061 8839 3396 3502 4084 9470 31 7587 902
30 5171 2711 4605 7393 7143 6312 5621 410 223 5049 5515 128 6788 3693 9044 3189 3805 8182 4382 5427 5600 3954 1867 8024 5659 5821 713 4857 2447 7414
24 7659 3721 9603 3968 3982 9406 8856 5708 3977 956 7139 4844 4235 5913 7090 6154 2591 3763 5020 6834 1937 7259 2307 2237
25 3412 6577 3592 893 5670 231 9680 5330 1133 9247 7510 3117 5917 891 3774 1405 9617 5367 5234 7693 8535 4009 5095 8392 6875
24 4908 5860 3991 8861 5604 9559 2428 6798 8701 1425 544 7664 61 2363 8826 3268 9963 8987 5748 8455 4915 1382 6498 6795
33 6141 8148 6504 4670 2454 3429 7819 1335 3696 2140 294 8595 4164 7487 4320 3685 2149 1000 9681 9777 2511 1979 3642 3520 4028 8301 925 4580 6062 4219 507 5472 9908
27 6210 8735 5468 3983 2151 1390 319 3343 6604 5975 7725 9224 3114 4022 6381 5211 5617 6544 9007 9090 8198 6748 1546 8623 826 9657 3037
29 1397 8962 3647 1376 3298 6402 8352 8821 1507 8687 5794 5120 8689 3407 4119 4673 5703 7696 6848 302 5730 2063 4062 6476 625 9596 3690 8570 1355
24 5178 7648 6447 6169 2998 419 7345 9636 3061 2046 1130 4864 6392 7856 4002 6445 6928 3603 8616 7799 3124 2877 9910 6475
28 220 9267 4639 8370 4777 1955 7314 2492 6864 602 1449 9785 9901 6049 6025 3088 1615 3817 8066 5387 8993 435 6124 3240 3531 7527 4061 8943
24 7105 4067 6782 59 3919 6058 33 7849 5585 6721 5799 9303 8576 3865 255 3229 890 4276 9277 3589 3679 3588 9256 9321
25 1714 9736 8084 7995 970 3008 3963 6855 2887 6828 9873 1204 3515 7248 9816 5273 8337 9946 7012 7280 7826 6994 6451 4870 922
24 8752 3609 9572 5605 2018 3890 729 963 887 5208 9662 8303 7456 6869 1778 3730 5220 4392 3514 9906 8646 9874 1925 4826
31 2546 5058 7517 7192 1558 5843 5145 8860 6149 3652 3176 4237 6707 3281 60 7524 6592 3917 9734 7953 5752 2935 2738 4665 5543 2350 4808 1500 8625 4491 3238
33 6765 4174 6405 4365 7968 674 7175 4248 7876 4812 4590 856 1880 2879 4268 7263 3431 7718 4947 6077 8780 2468 5081 1056 4149 142 7802 2304 5369 3050 5725 2092 6233
32 7924 67 2984 2184 6000 1919 4264 2994 1960 5388 8379 4492 6519 8737 2609 386 5089 2030 8708 6914 1242 8377 735 365 829 7170 6164 5809 8503 538 8200 5138
34 6756 3157 6719 4902 338 4904 711 2129 8514 548 3973 5943 7503 8061 3403 2933 6545 4449 5793 1934 8954 5338 9106 5811 8981 1908 8083 7052 6209 399 9320 212 3145 724
25 1661 2842 8871 4831 9929 8586 4549 4484 4265 7538 9646 1287 7763 3398 2283 9880 2341 7378 6622 5475 6189 4972 4322 7126 5567
26 1724 6305 3749 9325 1344 5090 7909 5249 7443 3689 3715 8688 527 7762 2756 1989 3956 2616 5700 7210 3214 4905 6731 3121 7858 387
27 1402 1917 3701 8722 4914 8146 46 5625 8317 1814 9615 7842 6054 1785 9978 6193 6977 3245 9538 6420 2433 3349 6939 3454 1076 4417 427
28 8809 4437 8394 8563 3394 7934 389 6291 9150 7544 4256 4722 9148 2172 1817 6153 1868 3886 1394 7357 629 4548 7841 3915 9517 5504 8747 4395
27 4976 5072 381 4208 160 3090 6898 6652 7523 5181 8407 7253 521 894 5124 8501 5256 7985 8372 3381 1931 7474 5679 214 3902 4135 6584
31 4669 6998 1354 1606 2667 5370 9706 7227 1837 9184 1583 3478 7851 4102 9058 156 1100 7516 9339 867 1717 8241 8099 4816 9522 6028 9649 5413 4362 4853 1819
32 6912 5346 4974 739 4311 5644 6195 3542 1277 1201 3935 3313 455 3445 9934 1544 1780 7685 4132 6427 474 6831 2372 2128 2072 7300 2703 4939 5939 3904 3248 8655
24 6066 4866 1812 9455 7542 8173 5582 8939 1974 5639 3577 145 7442 9230 3054 8356 8536 3486 3063 9087 5682 6389 2892 655
31 1887 8450 814 5861 5880 6425 2127 2516 1416 6363 9261 4620 1547 5044 8750 1740 1759 3113 2317 7787 9717 7283 5094 8362 5584 2424 5086 6406 268 685 4933
28 7237 2549 3712 7001 4221 2068 9086 5620 1783 9208 2551 847 5432 3043 4610 9855 4314 1220 7127 2961 2090 1284 2547 7082 396 4368 9839 8111
34 5651 1961 4027 1293 68 6208 4978 6057 9693 1660 226 2276 4176 7569 3084 3747 3967 8680 7694 576 5951 753 912 4158 8884 2381 2853 4397 6120 9158 7003 5025 6599 1400
28 5896 198 948 5296 8307 151 8649 992 8364 9754 4152 7406 3630 4519 6229 2200 1684 7978 3584 858 1503 1265 8114 7272 1667 3383 9985 6470
26 9642 1103 2355 1977 7702 5870 8640 4883 3827 7719 1805 2240 8761 9117 7202 6538 2380 6248 1448 8698 6082 1288 6791 6449 3880 2060
27 3790 8932 3152 3368 5575 3180 2401 3773 1212 3418 7376 5394 3232 133 8593 4296 8740 2088 3820 9771 9685 5173 3927 1958 9614 6357 5103
34 8584 8653 6552 8569 2599 4312 8287 6772 1696 6414 8511 8602 5672 2443 594 2726 6540 2130 846 7896 44 4977 4737 9838 3847 5008 1539 8441 4674 7136 5287 4856 1235 7074
25 1479 173 1433 9837 4643 4285 2170 5125 3819 1826 4043 1949 6308 3003 8504 8958 5598 4236 2176 5123 9384 8433 4425 789 9257
